{"/home/travis/build/npmtest/node-npmtest-imgur/test.js":{"path":"/home/travis/build/npmtest/node-npmtest-imgur/test.js","s":{"1":2,"2":2,"3":2,"4":2,"5":2,"6":2,"7":2,"8":1,"9":2,"10":2,"11":1,"12":1,"13":1,"14":1,"15":2,"16":2,"17":2,"18":2,"19":1,"20":1,"21":2,"22":2,"23":2,"24":1,"25":1,"26":1,"27":1,"28":1,"29":1,"30":1,"31":1,"32":1,"33":1,"34":1,"35":1,"36":1,"37":1,"38":1,"39":2,"40":2,"41":1,"42":2,"43":2,"44":1,"45":2,"46":2,"47":1,"48":2,"49":2,"50":1,"51":1,"52":1,"53":1,"54":1},"b":{"1":[2,1,1,1],"2":[1,1,1,1],"3":[1,1],"4":[1,1],"5":[1,1],"6":[1,1],"7":[1,1],"8":[1,1],"9":[1,1],"10":[1,1,1],"11":[1,1],"12":[1,1],"13":[1,1],"14":[1,1],"15":[1,1],"16":[1,1],"17":[1,1]},"f":{"1":2,"2":2,"3":2,"4":2,"5":2,"6":1,"7":1,"8":1,"9":2,"10":2,"11":2,"12":2,"13":1},"fnMap":{"1":{"name":"(anonymous_1)","line":12,"loc":{"start":{"line":12,"column":1},"end":{"line":12,"column":13}}},"2":{"name":"(anonymous_2)","line":19,"loc":{"start":{"line":19,"column":5},"end":{"line":19,"column":17}}},"3":{"name":"(anonymous_3)","line":23,"loc":{"start":{"line":23,"column":24},"end":{"line":23,"column":36}}},"4":{"name":"(anonymous_4)","line":61,"loc":{"start":{"line":61,"column":5},"end":{"line":61,"column":17}}},"5":{"name":"(anonymous_5)","line":82,"loc":{"start":{"line":82,"column":5},"end":{"line":82,"column":17}}},"6":{"name":"(anonymous_6)","line":91,"loc":{"start":{"line":91,"column":77},"end":{"line":94,"column":10}}},"7":{"name":"(anonymous_7)","line":112,"loc":{"start":{"line":112,"column":83},"end":{"line":115,"column":10}},"skip":true},"8":{"name":"(anonymous_8)","line":123,"loc":{"start":{"line":123,"column":77},"end":{"line":126,"column":10}},"skip":true},"9":{"name":"(anonymous_9)","line":139,"loc":{"start":{"line":139,"column":12},"end":{"line":139,"column":40}},"skip":true},"10":{"name":"(anonymous_10)","line":147,"loc":{"start":{"line":147,"column":77},"end":{"line":150,"column":10}},"skip":true},"11":{"name":"(anonymous_11)","line":158,"loc":{"start":{"line":158,"column":83},"end":{"line":161,"column":10}},"skip":true},"12":{"name":"(anonymous_12)","line":169,"loc":{"start":{"line":169,"column":79},"end":{"line":172,"column":10}},"skip":true},"13":{"name":"(anonymous_13)","line":180,"loc":{"start":{"line":180,"column":75},"end":{"line":183,"column":10}},"skip":true}},"statementMap":{"1":{"start":{"line":12,"column":0},"end":{"line":195,"column":5}},"2":{"start":{"line":14,"column":4},"end":{"line":14,"column":14}},"3":{"start":{"line":19,"column":4},"end":{"line":56,"column":9}},"4":{"start":{"line":21,"column":8},"end":{"line":21,"column":19}},"5":{"start":{"line":23,"column":8},"end":{"line":35,"column":13}},"6":{"start":{"line":24,"column":12},"end":{"line":34,"column":13}},"7":{"start":{"line":25,"column":16},"end":{"line":28,"column":30}},"8":{"start":{"line":30,"column":16},"end":{"line":33,"column":27}},"9":{"start":{"line":37,"column":8},"end":{"line":39,"column":21}},"10":{"start":{"line":40,"column":8},"end":{"line":53,"column":9}},"11":{"start":{"line":43,"column":12},"end":{"line":46,"column":14}},"12":{"start":{"line":47,"column":12},"end":{"line":47,"column":18}},"13":{"start":{"line":50,"column":12},"end":{"line":51,"column":33}},"14":{"start":{"line":52,"column":12},"end":{"line":52,"column":18}},"15":{"start":{"line":55,"column":8},"end":{"line":55,"column":35}},"16":{"start":{"line":61,"column":4},"end":{"line":63,"column":9}},"17":{"start":{"line":62,"column":8},"end":{"line":62,"column":15}},"18":{"start":{"line":64,"column":4},"end":{"line":77,"column":5}},"19":{"start":{"line":70,"column":8},"end":{"line":70,"column":14}},"20":{"start":{"line":76,"column":8},"end":{"line":76,"column":14}},"21":{"start":{"line":82,"column":4},"end":{"line":84,"column":9}},"22":{"start":{"line":83,"column":8},"end":{"line":83,"column":15}},"23":{"start":{"line":85,"column":4},"end":{"line":194,"column":5}},"24":{"start":{"line":91,"column":8},"end":{"line":99,"column":10}},"25":{"start":{"line":98,"column":12},"end":{"line":98,"column":35}},"26":{"start":{"line":102,"column":8},"end":{"line":104,"column":63}},"27":{"start":{"line":105,"column":8},"end":{"line":105,"column":14}},"28":{"start":{"line":112,"column":8},"end":{"line":121,"column":10},"skip":true},"29":{"start":{"line":119,"column":12},"end":{"line":119,"column":55},"skip":true},"30":{"start":{"line":120,"column":12},"end":{"line":120,"column":48},"skip":true},"31":{"start":{"line":123,"column":8},"end":{"line":136,"column":10},"skip":true},"32":{"start":{"line":130,"column":12},"end":{"line":130,"column":76},"skip":true},"33":{"start":{"line":131,"column":12},"end":{"line":131,"column":73},"skip":true},"34":{"start":{"line":132,"column":12},"end":{"line":132,"column":74},"skip":true},"35":{"start":{"line":133,"column":12},"end":{"line":133,"column":79},"skip":true},"36":{"start":{"line":134,"column":12},"end":{"line":134,"column":25},"skip":true},"37":{"start":{"line":135,"column":12},"end":{"line":135,"column":45},"skip":true},"38":{"start":{"line":138,"column":8},"end":{"line":145,"column":14},"skip":true},"39":{"start":{"line":143,"column":16},"end":{"line":143,"column":29},"skip":true},"40":{"start":{"line":144,"column":16},"end":{"line":144,"column":55},"skip":true},"41":{"start":{"line":147,"column":8},"end":{"line":156,"column":10},"skip":true},"42":{"start":{"line":154,"column":12},"end":{"line":154,"column":25},"skip":true},"43":{"start":{"line":155,"column":12},"end":{"line":155,"column":45},"skip":true},"44":{"start":{"line":158,"column":8},"end":{"line":167,"column":10},"skip":true},"45":{"start":{"line":165,"column":12},"end":{"line":165,"column":25},"skip":true},"46":{"start":{"line":166,"column":12},"end":{"line":166,"column":48},"skip":true},"47":{"start":{"line":169,"column":8},"end":{"line":178,"column":10},"skip":true},"48":{"start":{"line":176,"column":12},"end":{"line":176,"column":25},"skip":true},"49":{"start":{"line":177,"column":12},"end":{"line":177,"column":46},"skip":true},"50":{"start":{"line":180,"column":8},"end":{"line":189,"column":10},"skip":true},"51":{"start":{"line":187,"column":12},"end":{"line":187,"column":94},"skip":true},"52":{"start":{"line":188,"column":12},"end":{"line":188,"column":48},"skip":true},"53":{"start":{"line":192,"column":8},"end":{"line":192,"column":35},"skip":true},"54":{"start":{"line":193,"column":8},"end":{"line":193,"column":14},"skip":true}},"branchMap":{"1":{"line":25,"type":"binary-expr","locations":[{"start":{"line":25,"column":23},"end":{"line":25,"column":62}},{"start":{"line":26,"column":20},"end":{"line":26,"column":70}},{"start":{"line":27,"column":20},"end":{"line":27,"column":71}},{"start":{"line":28,"column":20},"end":{"line":28,"column":29}}]},"2":{"line":30,"type":"binary-expr","locations":[{"start":{"line":30,"column":23},"end":{"line":30,"column":37}},{"start":{"line":31,"column":20},"end":{"line":31,"column":61}},{"start":{"line":32,"column":20},"end":{"line":32,"column":70}},{"start":{"line":33,"column":20},"end":{"line":33,"column":26}}]},"3":{"line":37,"type":"cond-expr","locations":[{"start":{"line":38,"column":14},"end":{"line":38,"column":20}},{"start":{"line":39,"column":14},"end":{"line":39,"column":20}}]},"4":{"line":40,"type":"switch","locations":[{"start":{"line":42,"column":8},"end":{"line":47,"column":18}},{"start":{"line":49,"column":8},"end":{"line":52,"column":18}}]},"5":{"line":44,"type":"binary-expr","locations":[{"start":{"line":44,"column":16},"end":{"line":44,"column":44}},{"start":{"line":44,"column":48},"end":{"line":44,"column":66}}]},"6":{"line":50,"type":"binary-expr","locations":[{"start":{"line":50,"column":21},"end":{"line":50,"column":49}},{"start":{"line":50,"column":53},"end":{"line":50,"column":72}}]},"7":{"line":64,"type":"switch","locations":[{"start":{"line":69,"column":4},"end":{"line":70,"column":14}},{"start":{"line":75,"column":4},"end":{"line":76,"column":14}}]},"8":{"line":85,"type":"switch","locations":[{"start":{"line":90,"column":4},"end":{"line":105,"column":14}},{"start":{"line":111,"column":4},"end":{"line":193,"column":14},"skip":true}]},"9":{"line":91,"type":"binary-expr","locations":[{"start":{"line":91,"column":42},"end":{"line":91,"column":73}},{"start":{"line":91,"column":77},"end":{"line":99,"column":9}}]},"10":{"line":102,"type":"binary-expr","locations":[{"start":{"line":102,"column":18},"end":{"line":102,"column":32}},{"start":{"line":103,"column":12},"end":{"line":103,"column":53}},{"start":{"line":104,"column":12},"end":{"line":104,"column":61}}]},"11":{"line":112,"type":"binary-expr","locations":[{"start":{"line":112,"column":45},"end":{"line":112,"column":79},"skip":true},{"start":{"line":112,"column":83},"end":{"line":121,"column":9},"skip":true}]},"12":{"line":123,"type":"binary-expr","locations":[{"start":{"line":123,"column":42},"end":{"line":123,"column":73},"skip":true},{"start":{"line":123,"column":77},"end":{"line":136,"column":9},"skip":true}]},"13":{"line":138,"type":"binary-expr","locations":[{"start":{"line":138,"column":48},"end":{"line":138,"column":85},"skip":true},{"start":{"line":139,"column":12},"end":{"line":145,"column":13},"skip":true}]},"14":{"line":147,"type":"binary-expr","locations":[{"start":{"line":147,"column":42},"end":{"line":147,"column":73},"skip":true},{"start":{"line":147,"column":77},"end":{"line":156,"column":9},"skip":true}]},"15":{"line":158,"type":"binary-expr","locations":[{"start":{"line":158,"column":45},"end":{"line":158,"column":79},"skip":true},{"start":{"line":158,"column":83},"end":{"line":167,"column":9},"skip":true}]},"16":{"line":169,"type":"binary-expr","locations":[{"start":{"line":169,"column":43},"end":{"line":169,"column":75},"skip":true},{"start":{"line":169,"column":79},"end":{"line":178,"column":9},"skip":true}]},"17":{"line":180,"type":"binary-expr","locations":[{"start":{"line":180,"column":41},"end":{"line":180,"column":71},"skip":true},{"start":{"line":180,"column":75},"end":{"line":189,"column":9},"skip":true}]}},"code":["/* istanbul instrument in package npmtest_imgur */","/*jslint","    bitwise: true,","    browser: true,","    maxerr: 8,","    maxlen: 96,","    node: true,","    nomen: true,","    regexp: true,","    stupid: true","*/","(function () {","    'use strict';","    var local;","","","","    // run shared js-env code - pre-init","    (function () {","        // init local","        local = {};","        // init modeJs","        local.modeJs = (function () {","            try {","                return typeof navigator.userAgent === 'string' &&","                    typeof document.querySelector('body') === 'object' &&","                    typeof XMLHttpRequest.prototype.open === 'function' &&","                    'browser';","            } catch (errorCaughtBrowser) {","                return module.exports &&","                    typeof process.versions.node === 'string' &&","                    typeof require('http').createServer === 'function' &&","                    'node';","            }","        }());","        // init global","        local.global = local.modeJs === 'browser'","            ? window","            : global;","        switch (local.modeJs) {","        // re-init local from window.local","        case 'browser':","            local = local.global.utility2.objectSetDefault(","                local.global.utility2_rollup || local.global.local,","                local.global.utility2","            );","            break;","        // re-init local from example.js","        case 'node':","            local = (local.global.utility2_rollup || require('utility2'))","                .requireReadme();","            break;","        }","        // export local","        local.global.local = local;","    }());","","","","    // run shared js-env code - function","    (function () {","        return;","    }());","    switch (local.modeJs) {","","","","    // run browser js-env code - function","    case 'browser':","        break;","","","","    // run node js-env code - function","    case 'node':","        break;","    }","","","","    // run shared js-env code - post-init","    (function () {","        return;","    }());","    switch (local.modeJs) {","","","","    // run browser js-env code - post-init","    case 'browser':","        local.testCase_browser_nullCase = local.testCase_browser_nullCase || function (","            options,","            onError","        ) {","        /*","         * this function will test browsers's null-case handling-behavior-behavior","         */","            onError(null, options);","        };","","        // run tests","        local.nop(local.modeTest &&","            document.querySelector('#testRunButton1') &&","            document.querySelector('#testRunButton1').click());","        break;","","","","    // run node js-env code - post-init","    /* istanbul ignore next */","    case 'node':","        local.testCase_buildApidoc_default = local.testCase_buildApidoc_default || function (","            options,","            onError","        ) {","        /*","         * this function will test buildApidoc's default handling-behavior-behavior","         */","            options = { modulePathList: module.paths };","            local.buildApidoc(options, onError);","        };","","        local.testCase_buildApp_default = local.testCase_buildApp_default || function (","            options,","            onError","        ) {","        /*","         * this function will test buildApp's default handling-behavior-behavior","         */","            local.testCase_buildReadme_default(options, local.onErrorThrow);","            local.testCase_buildLib_default(options, local.onErrorThrow);","            local.testCase_buildTest_default(options, local.onErrorThrow);","            local.testCase_buildCustomOrg_default(options, local.onErrorThrow);","            options = [];","            local.buildApp(options, onError);","        };","","        local.testCase_buildCustomOrg_default = local.testCase_buildCustomOrg_default ||","            function (options, onError) {","            /*","             * this function will test buildCustomOrg's default handling-behavior","             */","                options = {};","                local.buildCustomOrg(options, onError);","            };","","        local.testCase_buildLib_default = local.testCase_buildLib_default || function (","            options,","            onError","        ) {","        /*","         * this function will test buildLib's default handling-behavior","         */","            options = {};","            local.buildLib(options, onError);","        };","","        local.testCase_buildReadme_default = local.testCase_buildReadme_default || function (","            options,","            onError","        ) {","        /*","         * this function will test buildReadme's default handling-behavior-behavior","         */","            options = {};","            local.buildReadme(options, onError);","        };","","        local.testCase_buildTest_default = local.testCase_buildTest_default || function (","            options,","            onError","        ) {","        /*","         * this function will test buildTest's default handling-behavior","         */","            options = {};","            local.buildTest(options, onError);","        };","","        local.testCase_webpage_default = local.testCase_webpage_default || function (","            options,","            onError","        ) {","        /*","         * this function will test webpage's default handling-behavior","         */","            options = { modeCoverageMerge: true, url: local.serverLocalHost + '?modeTest=1' };","            local.browserTest(options, onError);","        };","","        // run test-server","        local.testRunServer(local);","        break;","    }","}());",""],"l":{"12":2,"14":2,"19":2,"21":2,"23":2,"24":2,"25":2,"30":1,"37":2,"40":2,"43":1,"47":1,"50":1,"52":1,"55":2,"61":2,"62":2,"64":2,"70":1,"76":1,"82":2,"83":2,"85":2,"91":1,"98":1,"102":1,"105":1,"112":1,"119":1,"120":1,"123":1,"130":1,"131":1,"132":1,"133":1,"134":1,"135":1,"138":1,"143":2,"144":2,"147":1,"154":2,"155":2,"158":1,"165":2,"166":2,"169":1,"176":2,"177":2,"180":1,"187":1,"188":1,"192":1,"193":1}},"/home/travis/build/npmtest/node-npmtest-imgur/lib.npmtest_imgur.js":{"path":"/home/travis/build/npmtest/node-npmtest-imgur/lib.npmtest_imgur.js","s":{"1":2,"2":2,"3":2,"4":2,"5":2,"6":2,"7":2,"8":1,"9":2,"10":2,"11":2,"12":2,"13":1,"14":1,"15":1,"16":1},"b":{"1":[2,1,1,1],"2":[1,1,1,1],"3":[1,1],"4":[2,2],"5":[1,1]},"f":{"1":2,"2":2,"3":2},"fnMap":{"1":{"name":"(anonymous_1)","line":12,"loc":{"start":{"line":12,"column":1},"end":{"line":12,"column":13}}},"2":{"name":"(anonymous_2)","line":19,"loc":{"start":{"line":19,"column":5},"end":{"line":19,"column":17}}},"3":{"name":"(anonymous_3)","line":23,"loc":{"start":{"line":23,"column":24},"end":{"line":23,"column":36}}}},"statementMap":{"1":{"start":{"line":12,"column":0},"end":{"line":53,"column":5}},"2":{"start":{"line":14,"column":4},"end":{"line":14,"column":14}},"3":{"start":{"line":19,"column":4},"end":{"line":52,"column":9}},"4":{"start":{"line":21,"column":8},"end":{"line":21,"column":19}},"5":{"start":{"line":23,"column":8},"end":{"line":35,"column":13}},"6":{"start":{"line":24,"column":12},"end":{"line":34,"column":13}},"7":{"start":{"line":25,"column":16},"end":{"line":28,"column":30}},"8":{"start":{"line":30,"column":16},"end":{"line":33,"column":27}},"9":{"start":{"line":37,"column":8},"end":{"line":39,"column":21}},"10":{"start":{"line":41,"column":8},"end":{"line":41,"column":54}},"11":{"start":{"line":43,"column":8},"end":{"line":43,"column":50}},"12":{"start":{"line":45,"column":8},"end":{"line":51,"column":9}},"13":{"start":{"line":46,"column":12},"end":{"line":46,"column":56}},"14":{"start":{"line":48,"column":12},"end":{"line":48,"column":35}},"15":{"start":{"line":49,"column":12},"end":{"line":49,"column":49}},"16":{"start":{"line":50,"column":12},"end":{"line":50,"column":43}}},"branchMap":{"1":{"line":25,"type":"binary-expr","locations":[{"start":{"line":25,"column":23},"end":{"line":25,"column":62}},{"start":{"line":26,"column":20},"end":{"line":26,"column":70}},{"start":{"line":27,"column":20},"end":{"line":27,"column":71}},{"start":{"line":28,"column":20},"end":{"line":28,"column":29}}]},"2":{"line":30,"type":"binary-expr","locations":[{"start":{"line":30,"column":23},"end":{"line":30,"column":37}},{"start":{"line":31,"column":20},"end":{"line":31,"column":61}},{"start":{"line":32,"column":20},"end":{"line":32,"column":70}},{"start":{"line":33,"column":20},"end":{"line":33,"column":26}}]},"3":{"line":37,"type":"cond-expr","locations":[{"start":{"line":38,"column":14},"end":{"line":38,"column":20}},{"start":{"line":39,"column":14},"end":{"line":39,"column":20}}]},"4":{"line":41,"type":"binary-expr","locations":[{"start":{"line":41,"column":16},"end":{"line":41,"column":44}},{"start":{"line":41,"column":48},"end":{"line":41,"column":53}}]},"5":{"line":45,"type":"if","locations":[{"start":{"line":45,"column":8},"end":{"line":45,"column":8}},{"start":{"line":45,"column":8},"end":{"line":45,"column":8}}]}},"code":["/* istanbul instrument in package npmtest_imgur */","/*jslint","    bitwise: true,","    browser: true,","    maxerr: 8,","    maxlen: 96,","    node: true,","    nomen: true,","    regexp: true,","    stupid: true","*/","(function () {","    'use strict';","    var local;","","","","    // run shared js-env code - pre-init","    (function () {","        // init local","        local = {};","        // init modeJs","        local.modeJs = (function () {","            try {","                return typeof navigator.userAgent === 'string' &&","                    typeof document.querySelector('body') === 'object' &&","                    typeof XMLHttpRequest.prototype.open === 'function' &&","                    'browser';","            } catch (errorCaughtBrowser) {","                return module.exports &&","                    typeof process.versions.node === 'string' &&","                    typeof require('http').createServer === 'function' &&","                    'node';","            }","        }());","        // init global","        local.global = local.modeJs === 'browser'","            ? window","            : global;","        // init utility2_rollup","        local = local.global.utility2_rollup || local;","        // init lib","        local.local = local.npmtest_imgur = local;","        // init exports","        if (local.modeJs === 'browser') {","            local.global.utility2_npmtest_imgur = local;","        } else {","            module.exports = local;","            module.exports.__dirname = __dirname;","            module.exports.module = module;","        }","    }());","}());",""],"l":{"12":2,"14":2,"19":2,"21":2,"23":2,"24":2,"25":2,"30":1,"37":2,"41":2,"43":2,"45":2,"46":1,"48":1,"49":1,"50":1}},"/home/travis/build/npmtest/node-npmtest-imgur/example.js":{"path":"/home/travis/build/npmtest/node-npmtest-imgur/example.js","s":{"1":2,"2":2,"3":2,"4":2,"5":2,"6":2,"7":2,"8":1,"9":2,"10":2,"11":2,"12":2,"13":1,"14":2,"15":2,"16":2,"17":2,"18":2,"19":0,"20":2,"21":1,"22":1,"23":1,"24":1,"25":1,"26":0,"27":0,"28":1,"29":1,"30":2,"31":0,"32":0,"33":0,"34":1,"35":2,"36":2,"37":3,"38":3,"39":3,"40":3,"41":0,"42":3,"43":3,"44":3,"45":1,"46":3,"47":1,"48":1,"49":1,"50":1,"51":1,"52":1,"53":1,"54":1,"55":1,"56":1,"57":0,"58":1,"59":6,"60":6,"61":1,"62":2,"63":0,"64":2,"65":1,"66":1,"67":0,"68":0,"69":0,"70":0,"71":0,"72":0,"73":0,"74":0,"75":0,"76":0,"77":0,"78":0,"79":0,"80":0,"81":0,"82":0,"83":0},"b":{"1":[2,1,1,1],"2":[1,1,1,1],"3":[1,1],"4":[2,2],"5":[1,1],"6":[1,1],"7":[2,0],"8":[2,1,1,1,1,1],"9":[0,2,0],"10":[1,1],"11":[2,1,1],"12":[1,0],"13":[0,2],"14":[2,0,0,0,0,0,0],"15":[0,3],"16":[3,0],"17":[1,1],"18":[0,1],"19":[1,2,0,2],"20":[1,0],"21":[1,1],"22":[0,0],"23":[0,0],"24":[0,0],"25":[0,0],"26":[0,0],"27":[0,0],"28":[0,0]},"f":{"1":2,"2":2,"3":2,"4":2,"5":2,"6":2,"7":3,"8":3,"9":3,"10":1,"11":6,"12":0},"fnMap":{"1":{"name":"(anonymous_1)","line":26,"loc":{"start":{"line":26,"column":1},"end":{"line":26,"column":13}}},"2":{"name":"(anonymous_2)","line":33,"loc":{"start":{"line":33,"column":5},"end":{"line":33,"column":17}}},"3":{"name":"(anonymous_3)","line":37,"loc":{"start":{"line":37,"column":24},"end":{"line":37,"column":36}}},"4":{"name":"(anonymous_4)","line":69,"loc":{"start":{"line":69,"column":31},"end":{"line":69,"column":48}},"skip":true},"5":{"name":"(anonymous_5)","line":78,"loc":{"start":{"line":78,"column":26},"end":{"line":78,"column":45}},"skip":true},"6":{"name":"(anonymous_6)","line":123,"loc":{"start":{"line":123,"column":33},"end":{"line":123,"column":48}},"skip":true},"7":{"name":"(anonymous_7)","line":125,"loc":{"start":{"line":125,"column":27},"end":{"line":125,"column":39}},"skip":true},"8":{"name":"(anonymous_8)","line":133,"loc":{"start":{"line":133,"column":59},"end":{"line":133,"column":74}},"skip":true},"9":{"name":"(anonymous_9)","line":143,"loc":{"start":{"line":143,"column":45},"end":{"line":143,"column":62}},"skip":true},"10":{"name":"(anonymous_10)","line":144,"loc":{"start":{"line":144,"column":73},"end":{"line":144,"column":92}},"skip":true},"11":{"name":"(anonymous_11)","line":272,"loc":{"start":{"line":272,"column":51},"end":{"line":272,"column":77}},"skip":true},"12":{"name":"(anonymous_12)","line":315,"loc":{"start":{"line":315,"column":32},"end":{"line":315,"column":61}},"skip":true}},"statementMap":{"1":{"start":{"line":26,"column":0},"end":{"line":326,"column":5}},"2":{"start":{"line":28,"column":4},"end":{"line":28,"column":14}},"3":{"start":{"line":33,"column":4},"end":{"line":60,"column":9}},"4":{"start":{"line":35,"column":8},"end":{"line":35,"column":19}},"5":{"start":{"line":37,"column":8},"end":{"line":49,"column":13}},"6":{"start":{"line":38,"column":12},"end":{"line":48,"column":13}},"7":{"start":{"line":39,"column":16},"end":{"line":42,"column":30}},"8":{"start":{"line":44,"column":16},"end":{"line":47,"column":27}},"9":{"start":{"line":51,"column":8},"end":{"line":53,"column":21}},"10":{"start":{"line":55,"column":8},"end":{"line":57,"column":45}},"11":{"start":{"line":59,"column":8},"end":{"line":59,"column":35}},"12":{"start":{"line":61,"column":4},"end":{"line":325,"column":5}},"13":{"start":{"line":69,"column":8},"end":{"line":121,"column":10},"skip":true},"14":{"start":{"line":70,"column":12},"end":{"line":88,"column":13},"skip":true},"15":{"start":{"line":76,"column":16},"end":{"line":87,"column":19},"skip":true},"16":{"start":{"line":79,"column":20},"end":{"line":86,"column":21},"skip":true},"17":{"start":{"line":82,"column":24},"end":{"line":82,"column":43},"skip":true},"18":{"start":{"line":83,"column":24},"end":{"line":83,"column":30},"skip":true},"19":{"start":{"line":85,"column":24},"end":{"line":85,"column":49},"skip":true},"20":{"start":{"line":89,"column":12},"end":{"line":107,"column":13},"skip":true},"21":{"start":{"line":92,"column":16},"end":{"line":102,"column":17},"skip":true},"22":{"start":{"line":93,"column":20},"end":{"line":93,"column":86},"skip":true},"23":{"start":{"line":94,"column":20},"end":{"line":95,"column":45},"skip":true},"24":{"start":{"line":96,"column":20},"end":{"line":96,"column":42},"skip":true},"25":{"start":{"line":97,"column":20},"end":{"line":97,"column":48},"skip":true},"26":{"start":{"line":100,"column":20},"end":{"line":100,"column":85},"skip":true},"27":{"start":{"line":101,"column":20},"end":{"line":101,"column":96},"skip":true},"28":{"start":{"line":103,"column":16},"end":{"line":103,"column":22},"skip":true},"29":{"start":{"line":106,"column":16},"end":{"line":106,"column":22},"skip":true},"30":{"start":{"line":108,"column":12},"end":{"line":120,"column":13},"skip":true},"31":{"start":{"line":114,"column":16},"end":{"line":119,"column":17},"skip":true},"32":{"start":{"line":116,"column":20},"end":{"line":116,"column":78},"skip":true},"33":{"start":{"line":118,"column":20},"end":{"line":118,"column":47},"skip":true},"34":{"start":{"line":123,"column":8},"end":{"line":141,"column":11},"skip":true},"35":{"start":{"line":124,"column":12},"end":{"line":124,"column":54},"skip":true},"36":{"start":{"line":125,"column":12},"end":{"line":140,"column":14},"skip":true},"37":{"start":{"line":126,"column":16},"end":{"line":126,"column":28},"skip":true},"38":{"start":{"line":127,"column":16},"end":{"line":127,"column":69},"skip":true},"39":{"start":{"line":128,"column":16},"end":{"line":128,"column":75},"skip":true},"40":{"start":{"line":129,"column":16},"end":{"line":131,"column":17},"skip":true},"41":{"start":{"line":130,"column":20},"end":{"line":130,"column":27},"skip":true},"42":{"start":{"line":133,"column":16},"end":{"line":137,"column":36},"skip":true},"43":{"start":{"line":134,"column":20},"end":{"line":136,"column":55},"skip":true},"44":{"start":{"line":139,"column":16},"end":{"line":139,"column":57},"skip":true},"45":{"start":{"line":143,"column":8},"end":{"line":147,"column":11},"skip":true},"46":{"start":{"line":144,"column":12},"end":{"line":146,"column":15},"skip":true},"47":{"start":{"line":145,"column":16},"end":{"line":145,"column":70},"skip":true},"48":{"start":{"line":149,"column":8},"end":{"line":149,"column":31},"skip":true},"49":{"start":{"line":150,"column":8},"end":{"line":150,"column":14},"skip":true},"50":{"start":{"line":158,"column":8},"end":{"line":158,"column":31},"skip":true},"51":{"start":{"line":160,"column":8},"end":{"line":160,"column":33},"skip":true},"52":{"start":{"line":161,"column":8},"end":{"line":161,"column":37},"skip":true},"53":{"start":{"line":162,"column":8},"end":{"line":162,"column":35},"skip":true},"54":{"start":{"line":164,"column":8},"end":{"line":164,"column":50},"skip":true},"55":{"start":{"line":166,"column":8},"end":{"line":256,"column":2},"skip":true},"56":{"start":{"line":258,"column":8},"end":{"line":286,"column":9},"skip":true},"57":{"start":{"line":259,"column":12},"end":{"line":269,"column":14},"skip":true},"58":{"start":{"line":271,"column":12},"end":{"line":285,"column":19},"skip":true},"59":{"start":{"line":274,"column":20},"end":{"line":274,"column":35},"skip":true},"60":{"start":{"line":275,"column":20},"end":{"line":284,"column":21},"skip":true},"61":{"start":{"line":277,"column":24},"end":{"line":277,"column":64},"skip":true},"62":{"start":{"line":279,"column":24},"end":{"line":279,"column":40},"skip":true},"63":{"start":{"line":281,"column":24},"end":{"line":281,"column":40},"skip":true},"64":{"start":{"line":283,"column":24},"end":{"line":283,"column":39},"skip":true},"65":{"start":{"line":288,"column":8},"end":{"line":290,"column":9},"skip":true},"66":{"start":{"line":289,"column":12},"end":{"line":289,"column":18},"skip":true},"67":{"start":{"line":291,"column":8},"end":{"line":293,"column":54},"skip":true},"68":{"start":{"line":296,"column":8},"end":{"line":301,"column":37},"skip":true},"69":{"start":{"line":303,"column":8},"end":{"line":303,"column":82},"skip":true},"70":{"start":{"line":306,"column":8},"end":{"line":308,"column":9},"skip":true},"71":{"start":{"line":307,"column":12},"end":{"line":307,"column":82},"skip":true},"72":{"start":{"line":310,"column":8},"end":{"line":312,"column":9},"skip":true},"73":{"start":{"line":311,"column":12},"end":{"line":311,"column":18},"skip":true},"74":{"start":{"line":313,"column":8},"end":{"line":313,"column":54},"skip":true},"75":{"start":{"line":314,"column":8},"end":{"line":314,"column":69},"skip":true},"76":{"start":{"line":315,"column":8},"end":{"line":323,"column":36},"skip":true},"77":{"start":{"line":316,"column":12},"end":{"line":316,"column":61},"skip":true},"78":{"start":{"line":317,"column":12},"end":{"line":320,"column":13},"skip":true},"79":{"start":{"line":318,"column":16},"end":{"line":318,"column":75},"skip":true},"80":{"start":{"line":319,"column":16},"end":{"line":319,"column":23},"skip":true},"81":{"start":{"line":321,"column":12},"end":{"line":321,"column":38},"skip":true},"82":{"start":{"line":322,"column":12},"end":{"line":322,"column":27},"skip":true},"83":{"start":{"line":324,"column":8},"end":{"line":324,"column":14},"skip":true}},"branchMap":{"1":{"line":39,"type":"binary-expr","locations":[{"start":{"line":39,"column":23},"end":{"line":39,"column":62}},{"start":{"line":40,"column":20},"end":{"line":40,"column":70}},{"start":{"line":41,"column":20},"end":{"line":41,"column":71}},{"start":{"line":42,"column":20},"end":{"line":42,"column":29}}]},"2":{"line":44,"type":"binary-expr","locations":[{"start":{"line":44,"column":23},"end":{"line":44,"column":37}},{"start":{"line":45,"column":20},"end":{"line":45,"column":61}},{"start":{"line":46,"column":20},"end":{"line":46,"column":70}},{"start":{"line":47,"column":20},"end":{"line":47,"column":26}}]},"3":{"line":51,"type":"cond-expr","locations":[{"start":{"line":52,"column":14},"end":{"line":52,"column":20}},{"start":{"line":53,"column":14},"end":{"line":53,"column":20}}]},"4":{"line":55,"type":"binary-expr","locations":[{"start":{"line":55,"column":16},"end":{"line":55,"column":44}},{"start":{"line":55,"column":49},"end":{"line":57,"column":43}}]},"5":{"line":55,"type":"cond-expr","locations":[{"start":{"line":56,"column":14},"end":{"line":56,"column":49}},{"start":{"line":57,"column":14},"end":{"line":57,"column":43}}]},"6":{"line":61,"type":"switch","locations":[{"start":{"line":68,"column":4},"end":{"line":150,"column":14},"skip":true},{"start":{"line":156,"column":4},"end":{"line":324,"column":14},"skip":true}]},"7":{"line":70,"type":"if","locations":[{"start":{"line":70,"column":12},"end":{"line":70,"column":12},"skip":true},{"start":{"line":70,"column":12},"end":{"line":70,"column":12},"skip":true}]},"8":{"line":70,"type":"binary-expr","locations":[{"start":{"line":70,"column":16},"end":{"line":70,"column":22},"skip":true},{"start":{"line":70,"column":27},"end":{"line":70,"column":32},"skip":true},{"start":{"line":71,"column":20},"end":{"line":71,"column":39},"skip":true},{"start":{"line":72,"column":20},"end":{"line":72,"column":49},"skip":true},{"start":{"line":73,"column":20},"end":{"line":73,"column":58},"skip":true},{"start":{"line":74,"column":20},"end":{"line":74,"column":69},"skip":true}]},"9":{"line":79,"type":"switch","locations":[{"start":{"line":80,"column":20},"end":{"line":80,"column":33},"skip":true},{"start":{"line":81,"column":20},"end":{"line":83,"column":30},"skip":true},{"start":{"line":84,"column":20},"end":{"line":85,"column":49},"skip":true}]},"10":{"line":89,"type":"switch","locations":[{"start":{"line":90,"column":12},"end":{"line":103,"column":22},"skip":true},{"start":{"line":105,"column":12},"end":{"line":106,"column":22},"skip":true}]},"11":{"line":89,"type":"binary-expr","locations":[{"start":{"line":89,"column":20},"end":{"line":89,"column":25},"skip":true},{"start":{"line":89,"column":29},"end":{"line":89,"column":48},"skip":true},{"start":{"line":89,"column":52},"end":{"line":89,"column":74},"skip":true}]},"12":{"line":92,"type":"if","locations":[{"start":{"line":92,"column":16},"end":{"line":92,"column":16},"skip":true},{"start":{"line":92,"column":16},"end":{"line":92,"column":16},"skip":true}]},"13":{"line":108,"type":"if","locations":[{"start":{"line":108,"column":12},"end":{"line":108,"column":12},"skip":true},{"start":{"line":108,"column":12},"end":{"line":108,"column":12},"skip":true}]},"14":{"line":108,"type":"binary-expr","locations":[{"start":{"line":108,"column":16},"end":{"line":108,"column":61},"skip":true},{"start":{"line":108,"column":66},"end":{"line":108,"column":72},"skip":true},{"start":{"line":108,"column":77},"end":{"line":108,"column":82},"skip":true},{"start":{"line":109,"column":20},"end":{"line":109,"column":39},"skip":true},{"start":{"line":110,"column":20},"end":{"line":110,"column":49},"skip":true},{"start":{"line":111,"column":20},"end":{"line":111,"column":58},"skip":true},{"start":{"line":112,"column":20},"end":{"line":112,"column":68},"skip":true}]},"15":{"line":129,"type":"if","locations":[{"start":{"line":129,"column":16},"end":{"line":129,"column":16},"skip":true},{"start":{"line":129,"column":16},"end":{"line":129,"column":16},"skip":true}]},"16":{"line":134,"type":"cond-expr","locations":[{"start":{"line":135,"column":26},"end":{"line":135,"column":29},"skip":true},{"start":{"line":136,"column":26},"end":{"line":136,"column":54},"skip":true}]},"17":{"line":164,"type":"binary-expr","locations":[{"start":{"line":164,"column":27},"end":{"line":164,"column":43},"skip":true},{"start":{"line":164,"column":47},"end":{"line":164,"column":49},"skip":true}]},"18":{"line":258,"type":"if","locations":[{"start":{"line":258,"column":8},"end":{"line":258,"column":8},"skip":true},{"start":{"line":258,"column":8},"end":{"line":258,"column":8},"skip":true}]},"19":{"line":275,"type":"switch","locations":[{"start":{"line":276,"column":20},"end":{"line":277,"column":64},"skip":true},{"start":{"line":278,"column":20},"end":{"line":279,"column":40},"skip":true},{"start":{"line":280,"column":20},"end":{"line":281,"column":40},"skip":true},{"start":{"line":282,"column":20},"end":{"line":283,"column":39},"skip":true}]},"20":{"line":288,"type":"if","locations":[{"start":{"line":288,"column":8},"end":{"line":288,"column":8},"skip":true},{"start":{"line":288,"column":8},"end":{"line":288,"column":8},"skip":true}]},"21":{"line":288,"type":"binary-expr","locations":[{"start":{"line":288,"column":12},"end":{"line":288,"column":40},"skip":true},{"start":{"line":288,"column":44},"end":{"line":288,"column":67},"skip":true}]},"22":{"line":292,"type":"binary-expr","locations":[{"start":{"line":292,"column":12},"end":{"line":292,"column":50},"skip":true},{"start":{"line":293,"column":12},"end":{"line":293,"column":53},"skip":true}]},"23":{"line":297,"type":"binary-expr","locations":[{"start":{"line":297,"column":12},"end":{"line":297,"column":63},"skip":true},{"start":{"line":298,"column":12},"end":{"line":301,"column":36},"skip":true}]},"24":{"line":303,"type":"binary-expr","locations":[{"start":{"line":303,"column":43},"end":{"line":303,"column":75},"skip":true},{"start":{"line":303,"column":79},"end":{"line":303,"column":81},"skip":true}]},"25":{"line":306,"type":"if","locations":[{"start":{"line":306,"column":8},"end":{"line":306,"column":8},"skip":true},{"start":{"line":306,"column":8},"end":{"line":306,"column":8},"skip":true}]},"26":{"line":310,"type":"if","locations":[{"start":{"line":310,"column":8},"end":{"line":310,"column":8},"skip":true},{"start":{"line":310,"column":8},"end":{"line":310,"column":8},"skip":true}]},"27":{"line":313,"type":"binary-expr","locations":[{"start":{"line":313,"column":27},"end":{"line":313,"column":43},"skip":true},{"start":{"line":313,"column":47},"end":{"line":313,"column":53},"skip":true}]},"28":{"line":317,"type":"if","locations":[{"start":{"line":317,"column":12},"end":{"line":317,"column":12},"skip":true},{"start":{"line":317,"column":12},"end":{"line":317,"column":12},"skip":true}]}},"code":["/*","example.js","","quickstart example","","instruction","    1. save this script as example.js","    2. run the shell command:","        $ npm install npmtest-imgur && PORT=8081 node example.js","    3. play with the browser-demo on http://127.0.0.1:8081","*/","","","","/* istanbul instrument in package npmtest_imgur */","/*jslint","    bitwise: true,","    browser: true,","    maxerr: 8,","    maxlen: 96,","    node: true,","    nomen: true,","    regexp: true,","    stupid: true","*/","(function () {","    'use strict';","    var local;","","","","    // run shared js-env code - pre-init","    (function () {","        // init local","        local = {};","        // init modeJs","        local.modeJs = (function () {","            try {","                return typeof navigator.userAgent === 'string' &&","                    typeof document.querySelector('body') === 'object' &&","                    typeof XMLHttpRequest.prototype.open === 'function' &&","                    'browser';","            } catch (errorCaughtBrowser) {","                return module.exports &&","                    typeof process.versions.node === 'string' &&","                    typeof require('http').createServer === 'function' &&","                    'node';","            }","        }());","        // init global","        local.global = local.modeJs === 'browser'","            ? window","            : global;","        // init utility2_rollup","        local = local.global.utility2_rollup || (local.modeJs === 'browser'","            ? local.global.utility2_npmtest_imgur","            : global.utility2_moduleExports);","        // export local","        local.global.local = local;","    }());","    switch (local.modeJs) {","","","","    // post-init","    // run browser js-env code - post-init","    /* istanbul ignore next */","    case 'browser':","        local.testRunBrowser = function (event) {","            if (!event || (event &&","                    event.currentTarget &&","                    event.currentTarget.className &&","                    event.currentTarget.className.includes &&","                    event.currentTarget.className.includes('onreset'))) {","                // reset output","                Array.from(","                    document.querySelectorAll('body > .resettable')","                ).forEach(function (element) {","                    switch (element.tagName) {","                    case 'INPUT':","                    case 'TEXTAREA':","                        element.value = '';","                        break;","                    default:","                        element.textContent = '';","                    }","                });","            }","            switch (event && event.currentTarget && event.currentTarget.id) {","            case 'testRunButton1':","                // show tests","                if (document.querySelector('#testReportDiv1').style.display === 'none') {","                    document.querySelector('#testReportDiv1').style.display = 'block';","                    document.querySelector('#testRunButton1').textContent =","                        'hide internal test';","                    local.modeTest = true;","                    local.testRunDefault(local);","                // hide tests","                } else {","                    document.querySelector('#testReportDiv1').style.display = 'none';","                    document.querySelector('#testRunButton1').textContent = 'run internal test';","                }","                break;","            // custom-case","            default:","                break;","            }","            if (document.querySelector('#inputTextareaEval1') && (!event || (event &&","                    event.currentTarget &&","                    event.currentTarget.className &&","                    event.currentTarget.className.includes &&","                    event.currentTarget.className.includes('oneval')))) {","                // try to eval input-code","                try {","                    /*jslint evil: true*/","                    eval(document.querySelector('#inputTextareaEval1').value);","                } catch (errorCaught) {","                    console.error(errorCaught);","                }","            }","        };","        // log stderr and stdout to #outputTextareaStdout1","        ['error', 'log'].forEach(function (key) {","            console[key + '_original'] = console[key];","            console[key] = function () {","                var element;","                console[key + '_original'].apply(console, arguments);","                element = document.querySelector('#outputTextareaStdout1');","                if (!element) {","                    return;","                }","                // append text to #outputTextareaStdout1","                element.value += Array.from(arguments).map(function (arg) {","                    return typeof arg === 'string'","                        ? arg","                        : JSON.stringify(arg, null, 4);","                }).join(' ') + '\\n';","                // scroll textarea to bottom","                element.scrollTop = element.scrollHeight;","            };","        });","        // init event-handling","        ['change', 'click', 'keyup'].forEach(function (event) {","            Array.from(document.querySelectorAll('.on' + event)).forEach(function (element) {","                element.addEventListener(event, local.testRunBrowser);","            });","        });","        // run tests","        local.testRunBrowser();","        break;","","","","    // run node js-env code - post-init","    /* istanbul ignore next */","    case 'node':","        // export local","        module.exports = local;","        // require modules","        local.fs = require('fs');","        local.http = require('http');","        local.url = require('url');","        // init assets","        local.assetsDict = local.assetsDict || {};","        /* jslint-ignore-begin */","        local.assetsDict['/assets.index.template.html'] = '\\","<!doctype html>\\n\\","<html lang=\"en\">\\n\\","<head>\\n\\","<meta charset=\"UTF-8\">\\n\\","<meta name=\"viewport\" content=\"width=device-width, initial-scale=1\">\\n\\","<title>{{env.npm_package_name}} (v{{env.npm_package_version}})</title>\\n\\","<style>\\n\\","/*csslint\\n\\","    box-sizing: false,\\n\\","    universal-selector: false\\n\\","*/\\n\\","* {\\n\\","    box-sizing: border-box;\\n\\","}\\n\\","body {\\n\\","    background: #dde;\\n\\","    font-family: Arial, Helvetica, sans-serif;\\n\\","    margin: 2rem;\\n\\","}\\n\\","body > * {\\n\\","    margin-bottom: 1rem;\\n\\","}\\n\\",".utility2FooterDiv {\\n\\","    margin-top: 20px;\\n\\","    text-align: center;\\n\\","}\\n\\","</style>\\n\\","<style>\\n\\","/*csslint\\n\\","*/\\n\\","textarea {\\n\\","    font-family: monospace;\\n\\","    height: 10rem;\\n\\","    width: 100%;\\n\\","}\\n\\","textarea[readonly] {\\n\\","    background: #ddd;\\n\\","}\\n\\","</style>\\n\\","</head>\\n\\","<body>\\n\\","<!-- utility2-comment\\n\\","<div id=\"ajaxProgressDiv1\" style=\"background: #d00; height: 2px; left: 0; margin: 0; padding: 0; position: fixed; top: 0; transition: background 0.5s, width 1.5s; width: 25%;\"></div>\\n\\","utility2-comment -->\\n\\","<h1>\\n\\","<!-- utility2-comment\\n\\","    <a\\n\\","        {{#if env.npm_package_homepage}}\\n\\","        href=\"{{env.npm_package_homepage}}\"\\n\\","        {{/if env.npm_package_homepage}}\\n\\","        target=\"_blank\"\\n\\","    >\\n\\","utility2-comment -->\\n\\","        {{env.npm_package_name}} (v{{env.npm_package_version}})\\n\\","<!-- utility2-comment\\n\\","    </a>\\n\\","utility2-comment -->\\n\\","</h1>\\n\\","<h3>{{env.npm_package_description}}</h3>\\n\\","<!-- utility2-comment\\n\\","<h4><a download href=\"assets.app.js\">download standalone app</a></h4>\\n\\","<button class=\"onclick onreset\" id=\"testRunButton1\">run internal test</button><br>\\n\\","<div id=\"testReportDiv1\" style=\"display: none;\"></div>\\n\\","utility2-comment -->\\n\\","\\n\\","\\n\\","\\n\\","<label>stderr and stdout</label>\\n\\","<textarea class=\"resettable\" id=\"outputTextareaStdout1\" readonly></textarea>\\n\\","<!-- utility2-comment\\n\\","{{#if isRollup}}\\n\\","<script src=\"assets.app.js\"></script>\\n\\","{{#unless isRollup}}\\n\\","utility2-comment -->\\n\\","<script src=\"assets.utility2.rollup.js\"></script>\\n\\","<script src=\"jsonp.utility2._stateInit?callback=window.utility2._stateInit\"></script>\\n\\","<script src=\"assets.npmtest_imgur.rollup.js\"></script>\\n\\","<script src=\"assets.example.js\"></script>\\n\\","<script src=\"assets.test.js\"></script>\\n\\","<!-- utility2-comment\\n\\","{{/if isRollup}}\\n\\","utility2-comment -->\\n\\","<div class=\"utility2FooterDiv\">\\n\\","    [ this app was created with\\n\\","    <a href=\"https://github.com/kaizhu256/node-utility2\" target=\"_blank\">utility2</a>\\n\\","    ]\\n\\","</div>\\n\\","</body>\\n\\","</html>\\n\\","';","        /* jslint-ignore-end */","        if (local.templateRender) {","            local.assetsDict['/'] = local.templateRender(","                local.assetsDict['/assets.index.template.html'],","                {","                    env: local.objectSetDefault(local.env, {","                        npm_package_description: 'the greatest app in the world!',","                        npm_package_name: 'my-app',","                        npm_package_nameAlias: 'my_app',","                        npm_package_version: '0.0.1'","                    })","                }","            );","        } else {","            local.assetsDict['/'] = local.assetsDict['/assets.index.template.html']","                .replace((/\\{\\{env\\.(\\w+?)\\}\\}/g), function (match0, match1) {","                    // jslint-hack","                    String(match0);","                    switch (match1) {","                    case 'npm_package_description':","                        return 'the greatest app in the world!';","                    case 'npm_package_name':","                        return 'my-app';","                    case 'npm_package_nameAlias':","                        return 'my_app';","                    case 'npm_package_version':","                        return '0.0.1';","                    }","                });","        }","        // run the cli","        if (local.global.utility2_rollup || module !== require.main) {","            break;","        }","        local.assetsDict['/assets.example.js'] =","            local.assetsDict['/assets.example.js'] ||","            local.fs.readFileSync(__filename, 'utf8');","        // bug-workaround - long $npm_package_buildCustomOrg","        /* jslint-ignore-begin */","        local.assetsDict['/assets.npmtest_imgur.rollup.js'] =","            local.assetsDict['/assets.npmtest_imgur.rollup.js'] ||","            local.fs.readFileSync(","                local.npmtest_imgur.__dirname + '/lib.npmtest_imgur.js',","                'utf8'","            ).replace((/^#!/), '//');","        /* jslint-ignore-end */","        local.assetsDict['/favicon.ico'] = local.assetsDict['/favicon.ico'] || '';","        // if $npm_config_timeout_exit exists,","        // then exit this process after $npm_config_timeout_exit ms","        if (Number(process.env.npm_config_timeout_exit)) {","            setTimeout(process.exit, Number(process.env.npm_config_timeout_exit));","        }","        // start server","        if (local.global.utility2_serverHttp1) {","            break;","        }","        process.env.PORT = process.env.PORT || '8081';","        console.error('server starting on port ' + process.env.PORT);","        local.http.createServer(function (request, response) {","            request.urlParsed = local.url.parse(request.url);","            if (local.assetsDict[request.urlParsed.pathname] !== undefined) {","                response.end(local.assetsDict[request.urlParsed.pathname]);","                return;","            }","            response.statusCode = 404;","            response.end();","        }).listen(process.env.PORT);","        break;","    }","}());",""],"l":{"26":2,"28":2,"33":2,"35":2,"37":2,"38":2,"39":2,"44":1,"51":2,"55":2,"59":2,"61":2,"69":1,"70":2,"76":2,"79":2,"82":2,"83":2,"85":1,"89":2,"92":1,"93":1,"94":1,"96":1,"97":1,"100":1,"101":1,"103":1,"106":1,"108":2,"114":1,"116":1,"118":1,"123":1,"124":2,"125":2,"126":3,"127":3,"128":3,"129":3,"130":1,"133":3,"134":3,"139":3,"143":1,"144":3,"145":1,"149":1,"150":1,"158":1,"160":1,"161":1,"162":1,"164":1,"166":1,"258":1,"259":1,"271":1,"274":6,"275":6,"277":1,"279":2,"281":1,"283":2,"288":1,"289":1,"291":1,"296":1,"303":1,"306":1,"307":1,"310":1,"311":1,"313":1,"314":1,"315":1,"316":1,"317":1,"318":1,"319":1,"321":1,"322":1,"324":1}},"/home/travis/build/npmtest/node-npmtest-imgur/node_modules/imgur/lib/imgur.js":{"path":"/home/travis/build/npmtest/node-npmtest-imgur/node_modules/imgur/lib/imgur.js","s":{"1":1,"2":1,"3":1,"4":1,"5":1,"6":1,"7":1,"8":1,"9":1,"10":1,"11":1,"12":1,"13":1,"14":1,"15":1,"16":1,"17":1,"18":0,"19":0,"20":0,"21":0,"22":0,"23":0,"24":0,"25":0,"26":0,"27":0,"28":0,"29":0,"30":0,"31":0,"32":0,"33":0,"34":0,"35":0,"36":0,"37":0,"38":0,"39":0,"40":0,"41":0,"42":0,"43":0,"44":0,"45":0,"46":0,"47":0,"48":0,"49":0,"50":0,"51":0,"52":0,"53":0,"54":0,"55":0,"56":0,"57":0,"58":0,"59":0,"60":0,"61":0,"62":0,"63":1,"64":0,"65":0,"66":0,"67":0,"68":0,"69":0,"70":1,"71":0,"72":0,"73":0,"74":0,"75":0,"76":0,"77":0,"78":0,"79":0,"80":0,"81":0,"82":0,"83":0,"84":0,"85":0,"86":0,"87":0,"88":0,"89":0,"90":0,"91":1,"92":0,"93":0,"94":0,"95":0,"96":0,"97":0,"98":1,"99":1,"100":1,"101":1,"102":1,"103":1,"104":1,"105":0,"106":0,"107":0,"108":0,"109":1,"110":1,"111":0,"112":0,"113":0,"114":0,"115":0,"116":0,"117":0,"118":1,"119":0,"120":1,"121":0,"122":0,"123":1,"124":0,"125":1,"126":0,"127":0,"128":1,"129":0,"130":1,"131":0,"132":0,"133":1,"134":0,"135":1,"136":0,"137":0,"138":0,"139":0,"140":0,"141":0,"142":0,"143":1,"144":0,"145":0,"146":0,"147":0,"148":0,"149":0,"150":0,"151":0,"152":1,"153":0,"154":0,"155":0,"156":0,"157":0,"158":1,"159":0,"160":0,"161":0,"162":0,"163":0,"164":0,"165":0,"166":0,"167":1,"168":0,"169":0,"170":0,"171":0,"172":0,"173":0,"174":0,"175":0,"176":0,"177":0,"178":0,"179":0,"180":0,"181":0,"182":0,"183":0,"184":0,"185":1,"186":0,"187":0,"188":0,"189":0,"190":0,"191":0,"192":0,"193":0,"194":0,"195":0,"196":1,"197":0,"198":0,"199":0,"200":0,"201":0,"202":0,"203":0,"204":0,"205":0,"206":0,"207":1,"208":0,"209":0,"210":0,"211":0,"212":0,"213":0,"214":0,"215":0,"216":0,"217":0,"218":0,"219":0,"220":1,"221":0,"222":0,"223":0,"224":0,"225":0,"226":0,"227":0,"228":0,"229":0,"230":0,"231":0,"232":0,"233":0,"234":0,"235":0,"236":0,"237":0,"238":1,"239":0,"240":0,"241":0,"242":0,"243":0},"b":{"1":[1,1],"2":[1,1],"3":[0,1],"4":[0,0],"5":[0,0,0,0],"6":[0,0,0,0,0,0,0],"7":[0,0],"8":[0,0],"9":[0,0],"10":[0,0],"11":[0,0],"12":[0,0],"13":[0,0],"14":[0,0],"15":[0,0],"16":[0,0],"17":[0,0],"18":[0,0],"19":[0,0],"20":[0,0],"21":[0,0],"22":[0,0],"23":[0,0],"24":[1,1],"25":[1,0],"26":[0,0],"27":[0,0],"28":[0,0],"29":[0,0],"30":[0,0],"31":[0,0],"32":[0,0],"33":[0,0],"34":[0,0],"35":[0,0],"36":[0,0],"37":[0,0],"38":[0,0],"39":[0,0],"40":[0,0],"41":[0,0],"42":[0,0],"43":[0,0],"44":[0,0],"45":[0,0],"46":[0,0],"47":[0,0],"48":[0,0],"49":[0,0,0],"50":[0,0],"51":[0,0,0],"52":[0,0],"53":[0,0],"54":[0,0],"55":[0,0,0],"56":[0,0],"57":[0,0]},"f":{"1":1,"2":0,"3":0,"4":0,"5":0,"6":0,"7":0,"8":0,"9":0,"10":0,"11":0,"12":0,"13":0,"14":1,"15":1,"16":0,"17":0,"18":0,"19":0,"20":0,"21":0,"22":0,"23":0,"24":0,"25":0,"26":0,"27":0,"28":0,"29":0,"30":0,"31":0,"32":0,"33":0,"34":0,"35":0,"36":0,"37":0,"38":0,"39":0,"40":0,"41":0,"42":0,"43":0,"44":0,"45":0,"46":0,"47":0,"48":0,"49":0,"50":0,"51":0,"52":0,"53":0,"54":0,"55":0,"56":0,"57":0,"58":0},"fnMap":{"1":{"name":"(anonymous_1)","line":22,"loc":{"start":{"line":22,"column":30},"end":{"line":22,"column":41}}},"2":{"name":"(anonymous_2)","line":37,"loc":{"start":{"line":37,"column":22},"end":{"line":37,"column":69}}},"3":{"name":"(anonymous_3)","line":83,"loc":{"start":{"line":83,"column":14},"end":{"line":83,"column":45}}},"4":{"name":"(anonymous_4)","line":95,"loc":{"start":{"line":95,"column":37},"end":{"line":95,"column":63}}},"5":{"name":"(anonymous_5)","line":116,"loc":{"start":{"line":116,"column":15},"end":{"line":116,"column":30}}},"6":{"name":"(anonymous_6)","line":129,"loc":{"start":{"line":129,"column":17},"end":{"line":129,"column":36}}},"7":{"name":"(anonymous_7)","line":132,"loc":{"start":{"line":132,"column":21},"end":{"line":132,"column":47}}},"8":{"name":"(anonymous_8)","line":148,"loc":{"start":{"line":148,"column":32},"end":{"line":148,"column":44}}},"9":{"name":"(anonymous_9)","line":163,"loc":{"start":{"line":163,"column":37},"end":{"line":163,"column":52}}},"10":{"name":"(anonymous_10)","line":175,"loc":{"start":{"line":175,"column":41},"end":{"line":175,"column":56}}},"11":{"name":"(anonymous_11)","line":180,"loc":{"start":{"line":180,"column":21},"end":{"line":180,"column":36}}},"12":{"name":"(anonymous_12)","line":183,"loc":{"start":{"line":183,"column":17},"end":{"line":183,"column":32}}},"13":{"name":"(anonymous_13)","line":200,"loc":{"start":{"line":200,"column":23},"end":{"line":200,"column":63}}},"14":{"name":"(anonymous_14)","line":218,"loc":{"start":{"line":218,"column":21},"end":{"line":218,"column":37}}},"15":{"name":"(anonymous_15)","line":224,"loc":{"start":{"line":224,"column":44},"end":{"line":224,"column":65}}},"16":{"name":"(anonymous_16)","line":246,"loc":{"start":{"line":246,"column":21},"end":{"line":246,"column":47}}},"17":{"name":"(anonymous_17)","line":251,"loc":{"start":{"line":251,"column":33},"end":{"line":251,"column":48}}},"18":{"name":"(anonymous_18)","line":270,"loc":{"start":{"line":270,"column":22},"end":{"line":270,"column":38}}},"19":{"name":"(anonymous_19)","line":280,"loc":{"start":{"line":280,"column":20},"end":{"line":280,"column":40}}},"20":{"name":"(anonymous_20)","line":291,"loc":{"start":{"line":291,"column":20},"end":{"line":291,"column":32}}},"21":{"name":"(anonymous_21)","line":300,"loc":{"start":{"line":300,"column":18},"end":{"line":300,"column":32}}},"22":{"name":"(anonymous_22)","line":310,"loc":{"start":{"line":310,"column":18},"end":{"line":310,"column":29}}},"23":{"name":"(anonymous_23)","line":319,"loc":{"start":{"line":319,"column":22},"end":{"line":319,"column":43}}},"24":{"name":"(anonymous_24)","line":328,"loc":{"start":{"line":328,"column":22},"end":{"line":328,"column":33}}},"25":{"name":"(anonymous_25)","line":337,"loc":{"start":{"line":337,"column":20},"end":{"line":337,"column":42}}},"26":{"name":"(anonymous_26)","line":345,"loc":{"start":{"line":345,"column":14},"end":{"line":345,"column":30}}},"27":{"name":"(anonymous_27)","line":348,"loc":{"start":{"line":348,"column":15},"end":{"line":348,"column":30}}},"28":{"name":"(anonymous_28)","line":359,"loc":{"start":{"line":359,"column":16},"end":{"line":359,"column":30}}},"29":{"name":"(anonymous_29)","line":368,"loc":{"start":{"line":368,"column":14},"end":{"line":368,"column":30}}},"30":{"name":"(anonymous_30)","line":371,"loc":{"start":{"line":371,"column":15},"end":{"line":371,"column":30}}},"31":{"name":"(anonymous_31)","line":383,"loc":{"start":{"line":383,"column":20},"end":{"line":383,"column":32}}},"32":{"name":"(anonymous_32)","line":387,"loc":{"start":{"line":387,"column":14},"end":{"line":387,"column":30}}},"33":{"name":"(anonymous_33)","line":390,"loc":{"start":{"line":390,"column":15},"end":{"line":390,"column":30}}},"34":{"name":"(anonymous_34)","line":403,"loc":{"start":{"line":403,"column":21},"end":{"line":403,"column":35}}},"35":{"name":"(anonymous_35)","line":412,"loc":{"start":{"line":412,"column":14},"end":{"line":412,"column":30}}},"36":{"name":"(anonymous_36)","line":415,"loc":{"start":{"line":415,"column":15},"end":{"line":415,"column":30}}},"37":{"name":"(anonymous_37)","line":429,"loc":{"start":{"line":429,"column":19},"end":{"line":429,"column":44}}},"38":{"name":"(anonymous_38)","line":437,"loc":{"start":{"line":437,"column":15},"end":{"line":437,"column":37}}},"39":{"name":"(anonymous_39)","line":446,"loc":{"start":{"line":446,"column":22},"end":{"line":446,"column":47}}},"40":{"name":"(anonymous_40)","line":451,"loc":{"start":{"line":451,"column":22},"end":{"line":451,"column":38}}},"41":{"name":"(anonymous_41)","line":454,"loc":{"start":{"line":454,"column":23},"end":{"line":454,"column":38}}},"42":{"name":"(anonymous_42)","line":470,"loc":{"start":{"line":470,"column":18},"end":{"line":470,"column":42}}},"43":{"name":"(anonymous_43)","line":484,"loc":{"start":{"line":484,"column":14},"end":{"line":484,"column":30}}},"44":{"name":"(anonymous_44)","line":487,"loc":{"start":{"line":487,"column":15},"end":{"line":487,"column":30}}},"45":{"name":"(anonymous_45)","line":502,"loc":{"start":{"line":502,"column":21},"end":{"line":502,"column":48}}},"46":{"name":"(anonymous_46)","line":517,"loc":{"start":{"line":517,"column":14},"end":{"line":517,"column":31}}},"47":{"name":"(anonymous_47)","line":520,"loc":{"start":{"line":520,"column":15},"end":{"line":520,"column":30}}},"48":{"name":"(anonymous_48)","line":534,"loc":{"start":{"line":534,"column":20},"end":{"line":534,"column":60}}},"49":{"name":"(anonymous_49)","line":547,"loc":{"start":{"line":547,"column":14},"end":{"line":547,"column":30}}},"50":{"name":"(anonymous_50)","line":549,"loc":{"start":{"line":549,"column":22},"end":{"line":549,"column":40}}},"51":{"name":"(anonymous_51)","line":552,"loc":{"start":{"line":552,"column":23},"end":{"line":552,"column":38}}},"52":{"name":"(anonymous_52)","line":556,"loc":{"start":{"line":556,"column":15},"end":{"line":556,"column":30}}},"53":{"name":"(anonymous_53)","line":570,"loc":{"start":{"line":570,"column":21},"end":{"line":570,"column":60}}},"54":{"name":"(anonymous_54)","line":584,"loc":{"start":{"line":584,"column":18},"end":{"line":584,"column":35}}},"55":{"name":"(anonymous_55)","line":591,"loc":{"start":{"line":591,"column":19},"end":{"line":591,"column":34}}},"56":{"name":"(anonymous_56)","line":605,"loc":{"start":{"line":605,"column":19},"end":{"line":605,"column":31}}},"57":{"name":"(anonymous_57)","line":609,"loc":{"start":{"line":609,"column":14},"end":{"line":609,"column":30}}},"58":{"name":"(anonymous_58)","line":612,"loc":{"start":{"line":612,"column":15},"end":{"line":612,"column":30}}}},"statementMap":{"1":{"start":{"line":2,"column":0},"end":{"line":2,"column":24}},"2":{"start":{"line":3,"column":0},"end":{"line":3,"column":35}},"3":{"start":{"line":4,"column":0},"end":{"line":4,"column":29}},"4":{"start":{"line":5,"column":0},"end":{"line":5,"column":30}},"5":{"start":{"line":6,"column":0},"end":{"line":6,"column":31}},"6":{"start":{"line":7,"column":0},"end":{"line":7,"column":32}},"7":{"start":{"line":13,"column":0},"end":{"line":13,"column":74}},"8":{"start":{"line":14,"column":0},"end":{"line":14,"column":81}},"9":{"start":{"line":15,"column":0},"end":{"line":15,"column":30}},"10":{"start":{"line":16,"column":0},"end":{"line":16,"column":30}},"11":{"start":{"line":17,"column":0},"end":{"line":17,"column":30}},"12":{"start":{"line":18,"column":0},"end":{"line":18,"column":55}},"13":{"start":{"line":22,"column":0},"end":{"line":25,"column":5}},"14":{"start":{"line":23,"column":4},"end":{"line":23,"column":73}},"15":{"start":{"line":24,"column":4},"end":{"line":24,"column":44}},"16":{"start":{"line":27,"column":0},"end":{"line":27,"column":51}},"17":{"start":{"line":37,"column":0},"end":{"line":121,"column":1}},"18":{"start":{"line":38,"column":4},"end":{"line":38,"column":29}},"19":{"start":{"line":39,"column":4},"end":{"line":39,"column":24}},"20":{"start":{"line":40,"column":4},"end":{"line":45,"column":6}},"21":{"start":{"line":47,"column":4},"end":{"line":50,"column":5}},"22":{"start":{"line":48,"column":8},"end":{"line":48,"column":55}},"23":{"start":{"line":49,"column":8},"end":{"line":49,"column":32}},"24":{"start":{"line":52,"column":4},"end":{"line":80,"column":5}},"25":{"start":{"line":54,"column":12},"end":{"line":54,"column":36}},"26":{"start":{"line":55,"column":12},"end":{"line":55,"column":35}},"27":{"start":{"line":56,"column":12},"end":{"line":56,"column":18}},"28":{"start":{"line":58,"column":12},"end":{"line":58,"column":35}},"29":{"start":{"line":59,"column":12},"end":{"line":59,"column":37}},"30":{"start":{"line":60,"column":12},"end":{"line":60,"column":18}},"31":{"start":{"line":62,"column":12},"end":{"line":62,"column":35}},"32":{"start":{"line":63,"column":12},"end":{"line":63,"column":46}},"33":{"start":{"line":64,"column":12},"end":{"line":64,"column":18}},"34":{"start":{"line":66,"column":12},"end":{"line":66,"column":35}},"35":{"start":{"line":67,"column":12},"end":{"line":67,"column":46}},"36":{"start":{"line":68,"column":12},"end":{"line":68,"column":18}},"37":{"start":{"line":70,"column":12},"end":{"line":70,"column":36}},"38":{"start":{"line":71,"column":12},"end":{"line":71,"column":35}},"39":{"start":{"line":72,"column":12},"end":{"line":72,"column":18}},"40":{"start":{"line":74,"column":12},"end":{"line":74,"column":38}},"41":{"start":{"line":75,"column":12},"end":{"line":75,"column":46}},"42":{"start":{"line":76,"column":12},"end":{"line":76,"column":18}},"43":{"start":{"line":78,"column":12},"end":{"line":78,"column":60}},"44":{"start":{"line":79,"column":12},"end":{"line":79,"column":36}},"45":{"start":{"line":82,"column":4},"end":{"line":118,"column":11}},"46":{"start":{"line":84,"column":12},"end":{"line":93,"column":13}},"47":{"start":{"line":85,"column":16},"end":{"line":88,"column":18}},"48":{"start":{"line":90,"column":16},"end":{"line":92,"column":18}},"49":{"start":{"line":95,"column":12},"end":{"line":103,"column":15}},"50":{"start":{"line":96,"column":16},"end":{"line":102,"column":17}},"51":{"start":{"line":97,"column":20},"end":{"line":97,"column":41}},"52":{"start":{"line":98,"column":23},"end":{"line":102,"column":17}},"53":{"start":{"line":99,"column":20},"end":{"line":99,"column":123}},"54":{"start":{"line":101,"column":20},"end":{"line":101,"column":43}},"55":{"start":{"line":105,"column":12},"end":{"line":114,"column":13}},"56":{"start":{"line":106,"column":16},"end":{"line":106,"column":32}},"57":{"start":{"line":107,"column":16},"end":{"line":107,"column":46}},"58":{"start":{"line":109,"column":16},"end":{"line":113,"column":17}},"59":{"start":{"line":110,"column":20},"end":{"line":112,"column":21}},"60":{"start":{"line":111,"column":24},"end":{"line":111,"column":67}},"61":{"start":{"line":117,"column":12},"end":{"line":117,"column":33}},"62":{"start":{"line":120,"column":4},"end":{"line":120,"column":28}},"63":{"start":{"line":129,"column":0},"end":{"line":141,"column":1}},"64":{"start":{"line":130,"column":4},"end":{"line":130,"column":29}},"65":{"start":{"line":132,"column":4},"end":{"line":138,"column":7}},"66":{"start":{"line":133,"column":8},"end":{"line":137,"column":9}},"67":{"start":{"line":134,"column":12},"end":{"line":134,"column":33}},"68":{"start":{"line":136,"column":12},"end":{"line":136,"column":34}},"69":{"start":{"line":140,"column":4},"end":{"line":140,"column":28}},"70":{"start":{"line":148,"column":0},"end":{"line":191,"column":1}},"71":{"start":{"line":149,"column":4},"end":{"line":149,"column":29}},"72":{"start":{"line":151,"column":4},"end":{"line":188,"column":5}},"73":{"start":{"line":152,"column":8},"end":{"line":152,"column":57}},"74":{"start":{"line":153,"column":11},"end":{"line":188,"column":5}},"75":{"start":{"line":154,"column":8},"end":{"line":162,"column":10}},"76":{"start":{"line":163,"column":8},"end":{"line":185,"column":11}},"77":{"start":{"line":164,"column":12},"end":{"line":164,"column":109}},"78":{"start":{"line":165,"column":12},"end":{"line":165,"column":36}},"79":{"start":{"line":166,"column":12},"end":{"line":166,"column":32}},"80":{"start":{"line":167,"column":12},"end":{"line":171,"column":14}},"81":{"start":{"line":172,"column":12},"end":{"line":174,"column":14}},"82":{"start":{"line":175,"column":12},"end":{"line":182,"column":15}},"83":{"start":{"line":176,"column":16},"end":{"line":176,"column":52}},"84":{"start":{"line":177,"column":16},"end":{"line":177,"column":169}},"85":{"start":{"line":178,"column":16},"end":{"line":178,"column":56}},"86":{"start":{"line":179,"column":16},"end":{"line":179,"column":65}},"87":{"start":{"line":181,"column":16},"end":{"line":181,"column":37}},"88":{"start":{"line":184,"column":12},"end":{"line":184,"column":33}},"89":{"start":{"line":187,"column":8},"end":{"line":187,"column":57}},"90":{"start":{"line":190,"column":4},"end":{"line":190,"column":28}},"91":{"start":{"line":200,"column":0},"end":{"line":210,"column":1}},"92":{"start":{"line":201,"column":4},"end":{"line":203,"column":5}},"93":{"start":{"line":202,"column":8},"end":{"line":202,"column":35}},"94":{"start":{"line":204,"column":4},"end":{"line":206,"column":5}},"95":{"start":{"line":205,"column":8},"end":{"line":205,"column":34}},"96":{"start":{"line":207,"column":4},"end":{"line":209,"column":5}},"97":{"start":{"line":208,"column":8},"end":{"line":208,"column":34}},"98":{"start":{"line":218,"column":0},"end":{"line":238,"column":1}},"99":{"start":{"line":219,"column":4},"end":{"line":219,"column":29}},"100":{"start":{"line":220,"column":4},"end":{"line":220,"column":24}},"101":{"start":{"line":222,"column":4},"end":{"line":222,"column":42}},"102":{"start":{"line":224,"column":4},"end":{"line":235,"column":7}},"103":{"start":{"line":225,"column":8},"end":{"line":227,"column":9}},"104":{"start":{"line":226,"column":12},"end":{"line":226,"column":40}},"105":{"start":{"line":229,"column":8},"end":{"line":232,"column":9}},"106":{"start":{"line":230,"column":12},"end":{"line":230,"column":56}},"107":{"start":{"line":231,"column":12},"end":{"line":231,"column":36}},"108":{"start":{"line":234,"column":8},"end":{"line":234,"column":38}},"109":{"start":{"line":237,"column":4},"end":{"line":237,"column":28}},"110":{"start":{"line":246,"column":0},"end":{"line":260,"column":1}},"111":{"start":{"line":247,"column":4},"end":{"line":247,"column":29}},"112":{"start":{"line":249,"column":4},"end":{"line":249,"column":42}},"113":{"start":{"line":251,"column":4},"end":{"line":257,"column":7}},"114":{"start":{"line":252,"column":8},"end":{"line":254,"column":9}},"115":{"start":{"line":253,"column":12},"end":{"line":253,"column":40}},"116":{"start":{"line":256,"column":8},"end":{"line":256,"column":34}},"117":{"start":{"line":259,"column":4},"end":{"line":259,"column":28}},"118":{"start":{"line":270,"column":0},"end":{"line":272,"column":1}},"119":{"start":{"line":271,"column":4},"end":{"line":271,"column":40}},"120":{"start":{"line":280,"column":0},"end":{"line":284,"column":1}},"121":{"start":{"line":281,"column":4},"end":{"line":283,"column":5}},"122":{"start":{"line":282,"column":8},"end":{"line":282,"column":35}},"123":{"start":{"line":291,"column":0},"end":{"line":293,"column":1}},"124":{"start":{"line":292,"column":4},"end":{"line":292,"column":27}},"125":{"start":{"line":300,"column":0},"end":{"line":304,"column":1}},"126":{"start":{"line":301,"column":4},"end":{"line":303,"column":5}},"127":{"start":{"line":302,"column":8},"end":{"line":302,"column":28}},"128":{"start":{"line":310,"column":0},"end":{"line":312,"column":1}},"129":{"start":{"line":311,"column":4},"end":{"line":311,"column":25}},"130":{"start":{"line":319,"column":0},"end":{"line":323,"column":1}},"131":{"start":{"line":320,"column":4},"end":{"line":322,"column":5}},"132":{"start":{"line":321,"column":8},"end":{"line":321,"column":39}},"133":{"start":{"line":328,"column":0},"end":{"line":330,"column":1}},"134":{"start":{"line":329,"column":4},"end":{"line":329,"column":29}},"135":{"start":{"line":337,"column":0},"end":{"line":352,"column":1}},"136":{"start":{"line":338,"column":4},"end":{"line":338,"column":29}},"137":{"start":{"line":340,"column":4},"end":{"line":342,"column":5}},"138":{"start":{"line":341,"column":8},"end":{"line":341,"column":46}},"139":{"start":{"line":344,"column":4},"end":{"line":350,"column":11}},"140":{"start":{"line":346,"column":12},"end":{"line":346,"column":35}},"141":{"start":{"line":349,"column":12},"end":{"line":349,"column":33}},"142":{"start":{"line":351,"column":4},"end":{"line":351,"column":28}},"143":{"start":{"line":359,"column":0},"end":{"line":376,"column":1}},"144":{"start":{"line":360,"column":4},"end":{"line":360,"column":29}},"145":{"start":{"line":362,"column":4},"end":{"line":365,"column":5}},"146":{"start":{"line":363,"column":8},"end":{"line":363,"column":44}},"147":{"start":{"line":364,"column":8},"end":{"line":364,"column":32}},"148":{"start":{"line":367,"column":4},"end":{"line":373,"column":11}},"149":{"start":{"line":369,"column":12},"end":{"line":369,"column":35}},"150":{"start":{"line":372,"column":12},"end":{"line":372,"column":33}},"151":{"start":{"line":375,"column":4},"end":{"line":375,"column":28}},"152":{"start":{"line":383,"column":0},"end":{"line":395,"column":1}},"153":{"start":{"line":384,"column":4},"end":{"line":384,"column":29}},"154":{"start":{"line":386,"column":4},"end":{"line":392,"column":11}},"155":{"start":{"line":388,"column":12},"end":{"line":388,"column":35}},"156":{"start":{"line":391,"column":12},"end":{"line":391,"column":33}},"157":{"start":{"line":394,"column":4},"end":{"line":394,"column":28}},"158":{"start":{"line":403,"column":0},"end":{"line":420,"column":1}},"159":{"start":{"line":404,"column":4},"end":{"line":404,"column":29}},"160":{"start":{"line":406,"column":4},"end":{"line":409,"column":5}},"161":{"start":{"line":407,"column":8},"end":{"line":407,"column":55}},"162":{"start":{"line":408,"column":8},"end":{"line":408,"column":32}},"163":{"start":{"line":411,"column":4},"end":{"line":417,"column":11}},"164":{"start":{"line":413,"column":12},"end":{"line":413,"column":35}},"165":{"start":{"line":416,"column":12},"end":{"line":416,"column":33}},"166":{"start":{"line":419,"column":4},"end":{"line":419,"column":28}},"167":{"start":{"line":429,"column":0},"end":{"line":461,"column":1}},"168":{"start":{"line":430,"column":4},"end":{"line":431,"column":29}},"169":{"start":{"line":433,"column":4},"end":{"line":435,"column":5}},"170":{"start":{"line":434,"column":8},"end":{"line":434,"column":40}},"171":{"start":{"line":437,"column":4},"end":{"line":458,"column":7}},"172":{"start":{"line":438,"column":8},"end":{"line":444,"column":9}},"173":{"start":{"line":439,"column":12},"end":{"line":439,"column":33}},"174":{"start":{"line":440,"column":12},"end":{"line":440,"column":36}},"175":{"start":{"line":441,"column":15},"end":{"line":444,"column":9}},"176":{"start":{"line":442,"column":12},"end":{"line":442,"column":63}},"177":{"start":{"line":443,"column":12},"end":{"line":443,"column":36}},"178":{"start":{"line":446,"column":8},"end":{"line":457,"column":11}},"179":{"start":{"line":447,"column":12},"end":{"line":447,"column":52}},"180":{"start":{"line":448,"column":12},"end":{"line":448,"column":52}},"181":{"start":{"line":450,"column":12},"end":{"line":456,"column":19}},"182":{"start":{"line":452,"column":20},"end":{"line":452,"column":43}},"183":{"start":{"line":455,"column":20},"end":{"line":455,"column":41}},"184":{"start":{"line":460,"column":4},"end":{"line":460,"column":28}},"185":{"start":{"line":470,"column":0},"end":{"line":492,"column":1}},"186":{"start":{"line":471,"column":4},"end":{"line":472,"column":29}},"187":{"start":{"line":474,"column":4},"end":{"line":476,"column":5}},"188":{"start":{"line":475,"column":8},"end":{"line":475,"column":40}},"189":{"start":{"line":478,"column":4},"end":{"line":481,"column":5}},"190":{"start":{"line":479,"column":8},"end":{"line":479,"column":50}},"191":{"start":{"line":480,"column":8},"end":{"line":480,"column":32}},"192":{"start":{"line":483,"column":4},"end":{"line":489,"column":11}},"193":{"start":{"line":485,"column":12},"end":{"line":485,"column":35}},"194":{"start":{"line":488,"column":12},"end":{"line":488,"column":33}},"195":{"start":{"line":491,"column":4},"end":{"line":491,"column":28}},"196":{"start":{"line":502,"column":0},"end":{"line":525,"column":1}},"197":{"start":{"line":503,"column":4},"end":{"line":505,"column":29}},"198":{"start":{"line":507,"column":4},"end":{"line":509,"column":5}},"199":{"start":{"line":508,"column":8},"end":{"line":508,"column":40}},"200":{"start":{"line":511,"column":4},"end":{"line":514,"column":5}},"201":{"start":{"line":512,"column":8},"end":{"line":512,"column":59}},"202":{"start":{"line":513,"column":8},"end":{"line":513,"column":32}},"203":{"start":{"line":516,"column":4},"end":{"line":522,"column":11}},"204":{"start":{"line":518,"column":12},"end":{"line":518,"column":36}},"205":{"start":{"line":521,"column":12},"end":{"line":521,"column":33}},"206":{"start":{"line":524,"column":4},"end":{"line":524,"column":28}},"207":{"start":{"line":534,"column":0},"end":{"line":561,"column":1}},"208":{"start":{"line":535,"column":4},"end":{"line":535,"column":29}},"209":{"start":{"line":537,"column":4},"end":{"line":544,"column":5}},"210":{"start":{"line":538,"column":8},"end":{"line":542,"column":9}},"211":{"start":{"line":539,"column":12},"end":{"line":539,"column":53}},"212":{"start":{"line":541,"column":12},"end":{"line":541,"column":85}},"213":{"start":{"line":543,"column":8},"end":{"line":543,"column":32}},"214":{"start":{"line":546,"column":4},"end":{"line":558,"column":11}},"215":{"start":{"line":548,"column":12},"end":{"line":554,"column":19}},"216":{"start":{"line":550,"column":20},"end":{"line":550,"column":73}},"217":{"start":{"line":553,"column":20},"end":{"line":553,"column":48}},"218":{"start":{"line":557,"column":12},"end":{"line":557,"column":40}},"219":{"start":{"line":560,"column":4},"end":{"line":560,"column":28}},"220":{"start":{"line":570,"column":0},"end":{"line":598,"column":1}},"221":{"start":{"line":571,"column":4},"end":{"line":571,"column":29}},"222":{"start":{"line":572,"column":4},"end":{"line":572,"column":46}},"223":{"start":{"line":574,"column":4},"end":{"line":577,"column":5}},"224":{"start":{"line":575,"column":8},"end":{"line":575,"column":81}},"225":{"start":{"line":576,"column":8},"end":{"line":576,"column":32}},"226":{"start":{"line":579,"column":4},"end":{"line":579,"column":21}},"227":{"start":{"line":580,"column":4},"end":{"line":580,"column":21}},"228":{"start":{"line":581,"column":4},"end":{"line":581,"column":29}},"229":{"start":{"line":582,"column":4},"end":{"line":595,"column":5}},"230":{"start":{"line":583,"column":8},"end":{"line":594,"column":15}},"231":{"start":{"line":585,"column":16},"end":{"line":585,"column":41}},"232":{"start":{"line":586,"column":16},"end":{"line":586,"column":27}},"233":{"start":{"line":587,"column":16},"end":{"line":589,"column":17}},"234":{"start":{"line":588,"column":20},"end":{"line":588,"column":46}},"235":{"start":{"line":592,"column":16},"end":{"line":592,"column":37}},"236":{"start":{"line":593,"column":16},"end":{"line":593,"column":40}},"237":{"start":{"line":597,"column":4},"end":{"line":597,"column":28}},"238":{"start":{"line":605,"column":0},"end":{"line":617,"column":1}},"239":{"start":{"line":606,"column":4},"end":{"line":606,"column":29}},"240":{"start":{"line":608,"column":4},"end":{"line":614,"column":11}},"241":{"start":{"line":610,"column":12},"end":{"line":610,"column":35}},"242":{"start":{"line":613,"column":12},"end":{"line":613,"column":33}},"243":{"start":{"line":616,"column":4},"end":{"line":616,"column":28}}},"branchMap":{"1":{"line":13,"type":"binary-expr","locations":[{"start":{"line":13,"column":25},"end":{"line":13,"column":52}},{"start":{"line":13,"column":56},"end":{"line":13,"column":73}}]},"2":{"line":14,"type":"binary-expr","locations":[{"start":{"line":14,"column":25},"end":{"line":14,"column":50}},{"start":{"line":14,"column":54},"end":{"line":14,"column":80}}]},"3":{"line":23,"type":"cond-expr","locations":[{"start":{"line":23,"column":51},"end":{"line":23,"column":64}},{"start":{"line":23,"column":67},"end":{"line":23,"column":73}}]},"4":{"line":47,"type":"if","locations":[{"start":{"line":47,"column":4},"end":{"line":47,"column":4}},{"start":{"line":47,"column":4},"end":{"line":47,"column":4}}]},"5":{"line":47,"type":"binary-expr","locations":[{"start":{"line":47,"column":8},"end":{"line":47,"column":18}},{"start":{"line":47,"column":22},"end":{"line":47,"column":51}},{"start":{"line":47,"column":56},"end":{"line":47,"column":64}},{"start":{"line":47,"column":68},"end":{"line":47,"column":91}}]},"6":{"line":52,"type":"switch","locations":[{"start":{"line":53,"column":8},"end":{"line":56,"column":18}},{"start":{"line":57,"column":8},"end":{"line":60,"column":18}},{"start":{"line":61,"column":8},"end":{"line":64,"column":18}},{"start":{"line":65,"column":8},"end":{"line":68,"column":18}},{"start":{"line":69,"column":8},"end":{"line":72,"column":18}},{"start":{"line":73,"column":8},"end":{"line":76,"column":18}},{"start":{"line":77,"column":8},"end":{"line":79,"column":36}}]},"7":{"line":84,"type":"if","locations":[{"start":{"line":84,"column":12},"end":{"line":84,"column":12}},{"start":{"line":84,"column":12},"end":{"line":84,"column":12}}]},"8":{"line":96,"type":"if","locations":[{"start":{"line":96,"column":16},"end":{"line":96,"column":16}},{"start":{"line":96,"column":16},"end":{"line":96,"column":16}}]},"9":{"line":98,"type":"if","locations":[{"start":{"line":98,"column":23},"end":{"line":98,"column":23}},{"start":{"line":98,"column":23},"end":{"line":98,"column":23}}]},"10":{"line":98,"type":"binary-expr","locations":[{"start":{"line":98,"column":27},"end":{"line":98,"column":31}},{"start":{"line":98,"column":35},"end":{"line":98,"column":48}}]},"11":{"line":99,"type":"cond-expr","locations":[{"start":{"line":99,"column":79},"end":{"line":99,"column":94}},{"start":{"line":99,"column":97},"end":{"line":99,"column":120}}]},"12":{"line":105,"type":"if","locations":[{"start":{"line":105,"column":12},"end":{"line":105,"column":12}},{"start":{"line":105,"column":12},"end":{"line":105,"column":12}}]},"13":{"line":109,"type":"if","locations":[{"start":{"line":109,"column":16},"end":{"line":109,"column":16}},{"start":{"line":109,"column":16},"end":{"line":109,"column":16}}]},"14":{"line":133,"type":"if","locations":[{"start":{"line":133,"column":8},"end":{"line":133,"column":8}},{"start":{"line":133,"column":8},"end":{"line":133,"column":8}}]},"15":{"line":151,"type":"if","locations":[{"start":{"line":151,"column":4},"end":{"line":151,"column":4}},{"start":{"line":151,"column":4},"end":{"line":151,"column":4}}]},"16":{"line":153,"type":"if","locations":[{"start":{"line":153,"column":11},"end":{"line":153,"column":11}},{"start":{"line":153,"column":11},"end":{"line":153,"column":11}}]},"17":{"line":153,"type":"binary-expr","locations":[{"start":{"l
[...]
,"39":0,"40":0,"47":0,"48":0,"49":0,"52":0,"54":0,"55":0,"56":0,"58":0,"59":0,"60":0,"62":0,"63":0,"64":0,"66":0,"67":0,"68":0,"70":0,"71":0,"72":0,"74":0,"75":0,"76":0,"78":0,"79":0,"82":0,"84":0,"85":0,"90":0,"95":0,"96":0,"97":0,"98":0,"99":0,"101":0,"105":0,"106":0,"107":0,"109":0,"110":0,"111":0,"117":0,"120":0,"129":1,"130":0,"132":0,"133":0,"134":0,"136":0,"140":0,"148":1,"149":0,"151":0,"152":0,"153":0,"154":0,"163":0,"164":0,"165":0,"166":0,"167":0,"172":0,"175":0,"176":0,"177":0,"178":0,"179":0,"181":0,"184":0,"187":0,"190":0,"200":1,"201":0,"202":0,"204":0,"205":0,"207":0,"208":0,"218":1,"219":1,"220":1,"222":1,"224":1,"225":1,"226":1,"229":0,"230":0,"231":0,"234":0,"237":1,"246":1,"247":0,"249":0,"251":0,"252":0,"253":0,"256":0,"259":0,"270":1,"271":0,"280":1,"281":0,"282":0,"291":1,"292":0,"300":1,"301":0,"302":0,"310":1,"311":0,"319":1,"320":0,"321":0,"328":1,"329":0,"337":1,"338":0,"340":0,"341":0,"344":0,"346":0,"349":0,"351":0,"359":1,"360":0,"362":0,"363":0,"364":0,"367":0,"369":0,"372":0,"375":0,"383":1,"384":0,"386":0,"388":0,"391":0,"394":0,"403":1,"404":0,"406":0,"407":0,"408":0,"411":0,"413":0,"416":0,"419":0,"429":1,"430":0,"433":0,"434":0,"437":0,"438":0,"439":0,"440":0,"441":0,"442":0,"443":0,"446":0,"447":0,"448":0,"450":0,"452":0,"455":0,"460":0,"470":1,"471":0,"474":0,"475":0,"478":0,"479":0,"480":0,"483":0,"485":0,"488":0,"491":0,"502":1,"503":0,"507":0,"508":0,"511":0,"512":0,"513":0,"516":0,"518":0,"521":0,"524":0,"534":1,"535":0,"537":0,"538":0,"539":0,"541":0,"543":0,"546":0,"548":0,"550":0,"553":0,"557":0,"560":0,"570":1,"571":0,"572":0,"574":0,"575":0,"576":0,"579":0,"580":0,"581":0,"582":0,"583":0,"585":0,"586":0,"587":0,"588":0,"592":0,"593":0,"597":0,"605":1,"606":0,"608":0,"610":0,"613":0,"616":0}},"/home/travis/build/npmtest/node-npmtest-imgur/node_modules/imgur/cli.js":{"path":"/home/travis/build/npmtest/node-npmtest-imgur/node_modules/imgur/cli.js","s":{"1":1,"2":1,"3":1,"4":1,"5":1,"6":0,"7":0,"8":1,"9":1,"10":1,"11":0,"12":1,"13":0,"14":1,"15":0,"16":0,"17":1,"18":0,"19":0,"20":1,"21":0,"22":0,"23":0,"24":1,"25":0,"26":0,"27":0,"28":0,"29":0,"30":0,"31":0,"32":0,"33":0,"34":0,"35":0,"36":0,"37":0,"38":0,"39":0,"40":0,"41":0,"42":0,"43":0,"44":0,"45":0,"46":0,"47":1,"48":0,"49":0,"50":0,"51":0,"52":1,"53":0,"54":0,"55":0,"56":0,"57":0,"58":0,"59":0,"60":0,"61":0,"62":1,"63":0,"64":0,"65":0,"66":0,"67":0,"68":0,"69":0,"70":0},"b":{"1":[0,1],"2":[0,1],"3":[0,1],"4":[0,1],"5":[0,1],"6":[0,1],"7":[1,1],"8":[0,0],"9":[0,0],"10":[0,0],"11":[0,0],"12":[0,1],"13":[0,1],"14":[0,0],"15":[0,1],"16":[0,0]},"f":{"1":0,"2":1,"3":0,"4":0,"5":0,"6":0,"7":0,"8":0,"9":0,"10":0,"11":0,"12":0,"13":0,"14":0,"15":0,"16":0,"17":0,"18":0,"19":0,"20":0,"21":0,"22":0,"23":0},"fnMap":{"1":{"name":"collect","line":9,"loc":{"start":{"line":9,"column":0},"end":{"line":9,"column":28}}},"2":{"name":"(anonymous_2)","line":33,"loc":{"start":{"line":33,"column":9},"end":{"line":33,"column":21}}},"3":{"name":"(anonymous_3)","line":45,"loc":{"start":{"line":45,"column":22},"end":{"line":45,"column":37}}},"4":{"name":"(anonymous_4)","line":52,"loc":{"start":{"line":52,"column":22},"end":{"line":52,"column":37}}},"5":{"name":"(anonymous_5)","line":59,"loc":{"start":{"line":59,"column":22},"end":{"line":59,"column":38}}},"6":{"name":"(anonymous_6)","line":61,"loc":{"start":{"line":61,"column":19},"end":{"line":61,"column":34}}},"7":{"name":"(anonymous_7)","line":73,"loc":{"start":{"line":73,"column":30},"end":{"line":73,"column":46}}},"8":{"name":"(anonymous_8)","line":77,"loc":{"start":{"line":77,"column":41},"end":{"line":77,"column":70}}},"9":{"name":"(anonymous_9)","line":79,"loc":{"start":{"line":79,"column":42},"end":{"line":79,"column":58}}},"10":{"name":"(anonymous_10)","line":82,"loc":{"start":{"line":82,"column":39},"end":{"line":82,"column":54}}},"11":{"name":"(anonymous_11)","line":86,"loc":{"start":{"line":86,"column":27},"end":{"line":86,"column":42}}},"12":{"name":"(anonymous_12)","line":90,"loc":{"start":{"line":90,"column":33},"end":{"line":90,"column":62}}},"13":{"name":"(anonymous_13)","line":92,"loc":{"start":{"line":92,"column":34},"end":{"line":92,"column":50}}},"14":{"name":"(anonymous_14)","line":100,"loc":{"start":{"line":100,"column":31},"end":{"line":100,"column":46}}},"15":{"name":"(anonymous_15)","line":108,"loc":{"start":{"line":108,"column":39},"end":{"line":108,"column":67}}},"16":{"name":"(anonymous_16)","line":110,"loc":{"start":{"line":110,"column":30},"end":{"line":110,"column":46}}},"17":{"name":"(anonymous_17)","line":112,"loc":{"start":{"line":112,"column":27},"end":{"line":112,"column":42}}},"18":{"name":"(anonymous_18)","line":118,"loc":{"start":{"line":118,"column":41},"end":{"line":118,"column":69}}},"19":{"name":"(anonymous_19)","line":120,"loc":{"start":{"line":120,"column":30},"end":{"line":120,"column":46}}},"20":{"name":"(anonymous_20)","line":128,"loc":{"start":{"line":128,"column":27},"end":{"line":128,"column":42}}},"21":{"name":"(anonymous_21)","line":137,"loc":{"start":{"line":137,"column":38},"end":{"line":137,"column":66}}},"22":{"name":"(anonymous_22)","line":139,"loc":{"start":{"line":139,"column":30},"end":{"line":139,"column":46}}},"23":{"name":"(anonymous_23)","line":147,"loc":{"start":{"line":147,"column":27},"end":{"line":147,"column":42}}}},"statementMap":{"1":{"start":{"line":3,"column":0},"end":{"line":3,"column":39}},"2":{"start":{"line":4,"column":0},"end":{"line":4,"column":37}},"3":{"start":{"line":5,"column":0},"end":{"line":5,"column":29}},"4":{"start":{"line":6,"column":0},"end":{"line":6,"column":32}},"5":{"start":{"line":9,"column":0},"end":{"line":12,"column":1}},"6":{"start":{"line":10,"column":4},"end":{"line":10,"column":18}},"7":{"start":{"line":11,"column":4},"end":{"line":11,"column":15}},"8":{"start":{"line":14,"column":0},"end":{"line":26,"column":25}},"9":{"start":{"line":31,"column":0},"end":{"line":153,"column":7}},"10":{"start":{"line":34,"column":8},"end":{"line":36,"column":9}},"11":{"start":{"line":35,"column":12},"end":{"line":35,"column":50}},"12":{"start":{"line":38,"column":8},"end":{"line":152,"column":9}},"13":{"start":{"line":40,"column":12},"end":{"line":40,"column":45}},"14":{"start":{"line":42,"column":15},"end":{"line":152,"column":9}},"15":{"start":{"line":44,"column":12},"end":{"line":47,"column":19}},"16":{"start":{"line":46,"column":20},"end":{"line":46,"column":81}},"17":{"start":{"line":49,"column":15},"end":{"line":152,"column":9}},"18":{"start":{"line":51,"column":12},"end":{"line":54,"column":19}},"19":{"start":{"line":53,"column":20},"end":{"line":53,"column":80}},"20":{"start":{"line":56,"column":15},"end":{"line":152,"column":9}},"21":{"start":{"line":58,"column":12},"end":{"line":63,"column":19}},"22":{"start":{"line":60,"column":20},"end":{"line":60,"column":43}},"23":{"start":{"line":62,"column":20},"end":{"line":62,"column":81}},"24":{"start":{"line":67,"column":12},"end":{"line":105,"column":13}},"25":{"start":{"line":68,"column":16},"end":{"line":68,"column":65}},"26":{"start":{"line":69,"column":16},"end":{"line":69,"column":75}},"27":{"start":{"line":70,"column":16},"end":{"line":104,"column":17}},"28":{"start":{"line":71,"column":20},"end":{"line":71,"column":40}},"29":{"start":{"line":72,"column":20},"end":{"line":88,"column":27}},"30":{"start":{"line":74,"column":28},"end":{"line":74,"column":47}},"31":{"start":{"line":75,"column":28},"end":{"line":75,"column":62}},"32":{"start":{"line":76,"column":28},"end":{"line":76,"column":80}},"33":{"start":{"line":77,"column":28},"end":{"line":85,"column":31}},"34":{"start":{"line":78,"column":32},"end":{"line":84,"column":39}},"35":{"start":{"line":80,"column":40},"end":{"line":80,"column":99}},"36":{"start":{"line":81,"column":40},"end":{"line":81,"column":60}},"37":{"start":{"line":83,"column":40},"end":{"line":83,"column":84}},"38":{"start":{"line":87,"column":28},"end":{"line":87,"column":86}},"39":{"start":{"line":90,"column":20},"end":{"line":103,"column":23}},"40":{"start":{"line":91,"column":24},"end":{"line":102,"column":31}},"41":{"start":{"line":93,"column":32},"end":{"line":93,"column":43}},"42":{"start":{"line":94,"column":32},"end":{"line":98,"column":33}},"43":{"start":{"line":95,"column":36},"end":{"line":95,"column":91}},"44":{"start":{"line":97,"column":36},"end":{"line":97,"column":60}},"45":{"start":{"line":99,"column":32},"end":{"line":99,"column":52}},"46":{"start":{"line":101,"column":32},"end":{"line":101,"column":76}},"47":{"start":{"line":107,"column":12},"end":{"line":114,"column":13}},"48":{"start":{"line":108,"column":16},"end":{"line":113,"column":19}},"49":{"start":{"line":109,"column":20},"end":{"line":112,"column":73}},"50":{"start":{"line":111,"column":28},"end":{"line":111,"column":51}},"51":{"start":{"line":112,"column":44},"end":{"line":112,"column":69}},"52":{"start":{"line":117,"column":12},"end":{"line":133,"column":13}},"53":{"start":{"line":118,"column":16},"end":{"line":132,"column":19}},"54":{"start":{"line":119,"column":20},"end":{"line":131,"column":27}},"55":{"start":{"line":121,"column":28},"end":{"line":121,"column":39}},"56":{"start":{"line":122,"column":28},"end":{"line":126,"column":29}},"57":{"start":{"line":123,"column":32},"end":{"line":123,"column":102}},"58":{"start":{"line":125,"column":32},"end":{"line":125,"column":56}},"59":{"start":{"line":127,"column":28},"end":{"line":127,"column":48}},"60":{"start":{"line":129,"column":28},"end":{"line":129,"column":98}},"61":{"start":{"line":130,"column":28},"end":{"line":130,"column":50}},"62":{"start":{"line":136,"column":12},"end":{"line":151,"column":13}},"63":{"start":{"line":137,"column":16},"end":{"line":150,"column":19}},"64":{"start":{"line":138,"column":20},"end":{"line":149,"column":27}},"65":{"start":{"line":140,"column":28},"end":{"line":140,"column":39}},"66":{"start":{"line":141,"column":28},"end":{"line":145,"column":29}},"67":{"start":{"line":142,"column":32},"end":{"line":142,"column":86}},"68":{"start":{"line":144,"column":32},"end":{"line":144,"column":56}},"69":{"start":{"line":146,"column":28},"end":{"line":146,"column":48}},"70":{"start":{"line":148,"column":28},"end":{"line":148,"column":71}}},"branchMap":{"1":{"line":34,"type":"if","locations":[{"start":{"line":34,"column":8},"end":{"line":34,"column":8}},{"start":{"line":34,"column":8},"end":{"line":34,"column":8}}]},"2":{"line":38,"type":"if","locations":[{"start":{"line":38,"column":8},"end":{"line":38,"column":8}},{"start":{"line":38,"column":8},"end":{"line":38,"column":8}}]},"3":{"line":42,"type":"if","locations":[{"start":{"line":42,"column":15},"end":{"line":42,"column":15}},{"start":{"line":42,"column":15},"end":{"line":42,"column":15}}]},"4":{"line":49,"type":"if","locations":[{"start":{"line":49,"column":15},"end":{"line":49,"column":15}},{"start":{"line":49,"column":15},"end":{"line":49,"column":15}}]},"5":{"line":56,"type":"if","locations":[{"start":{"line":56,"column":15},"end":{"line":56,"column":15}},{"start":{"line":56,"column":15},"end":{"line":56,"column":15}}]},"6":{"line":67,"type":"if","locations":[{"start":{"line":67,"column":12},"end":{"line":67,"column":12}},{"start":{"line":67,"column":12},"end":{"line":67,"column":12}}]},"7":{"line":67,"type":"binary-expr","locations":[{"start":{"line":67,"column":16},"end":{"line":67,"column":37}},{"start":{"line":67,"column":41},"end":{"line":67,"column":62}}]},"8":{"line":69,"type":"cond-expr","locations":[{"start":{"line":69,"column":50},"end":{"line":69,"column":67}},{"start":{"line":69,"column":70},"end":{"line":69,"column":74}}]},"9":{"line":70,"type":"if","locations":[{"start":{"line":70,"column":16},"end":{"line":70,"column":16}},{"start":{"line":70,"column":16},"end":{"line":70,"column":16}}]},"10":{"line":70,"type":"binary-expr","locations":[{"start":{"line":70,"column":20},"end":{"line":70,"column":28}},{"start":{"line":70,"column":32},"end":{"line":70,"column":47}}]},"11":{"line":94,"type":"if","locations":[{"start":{"line":94,"column":32},"end":{"line":94,"column":32}},{"start":{"line":94,"column":32},"end":{"line":94,"column":32}}]},"12":{"line":107,"type":"if","locations":[{"start":{"line":107,"column":12},"end":{"line":107,"column":12}},{"start":{"line":107,"column":12},"end":{"line":107,"column":12}}]},"13":{"line":117,"type":"if","locations":[{"start":{"line":117,"column":12},"end":{"line":117,"column":12}},{"start":{"line":117,"column":12},"end":{"line":117,"column":12}}]},"14":{"line":122,"type":"if","locations":[{"start":{"line":122,"column":28},"end":{"line":122,"column":28}},{"start":{"line":122,"column":28},"end":{"line":122,"column":28}}]},"15":{"line":136,"type":"if","locations":[{"start":{"line":136,"column":12},"end":{"line":136,"column":12}},{"start":{"line":136,"column":12},"end":{"line":136,"column":12}}]},"16":{"line":141,"type":"if","locations":[{"start":{"line":141,"column":28},"end":{"line":141,"column":28}},{"start":{"line":141,"column":28},"end":{"line":141,"column":28}}]}},"code":["//#!/usr/bin/env node","'use strict'","var imgur     = require('./lib/imgur');","var commander = require('commander');","var Q         = require('q');","var util      = require('util');","","// Used to collect args for specific options","function collect (val, arr) {","    arr.push(val);","    return arr;","}","","commander","    .version(imgur.VERSION)","    .option('-i, --info [id]', 'Lookup images by ID', collect, [])","    .option('-b, --base64 [string]', 'Upload a base64-encoded images', collect, [])","    .option('-u, --url [url]', 'Upload URLs', collect, [])","    .option('-f, --file [file ...]', 'Upload binary image files', collect, [])","    .option('-c, --client-id [id]', 'Specify a client ID to use only for the current operation')","    .option('-a, --album-id [id]', 'Specify an album ID to upload images to')","    .option('--credits', 'Get information about remaining credits')","    .option('--save [id]', 'Save client id to disk for future use')","    .option('--clear', 'Remove previously saved client id')","    .option('--show', 'Display saved client id')","    .parse(process.argv);","","","// @TODO: There's probably a more promisey/chainy way to make this more succinct","","imgur.loadClientId()","    .then(imgur.setClientId)","    .fin(function () {","        if (commander.clientId) {","            imgur.setClientId(commander.clientId);","        }","","        if (commander.show) {","","            console.log(imgur.getClientId());","","        } else if (commander.clear) {","","            imgur.clearClientId()","                .fail(function (err) {","                    console.error('Unable to clear client id (%s)', err.message);","                });","","        } else if (commander.save) {","","            imgur.saveClientId(commander.save)","                .fail(function (err) {","                    console.error('Unable to save client id (%s)', err.message);","                });","","        } else if (commander.credits) {","","            imgur.getCredits()","                .then(function (json) {","                    console.log(json.data);","                }, function (err) {","                    console.error('Unable to get credit info (%s)', err.message);","                });","","        } else {","","            if (commander.file.length || commander.args.length) {","                var args = commander.file.concat(commander.args);","                var albumId = commander.albumId ? commander.albumId : null;","                if (!albumId && args.length > 1) {","                    var aId, deleteHash;","                    imgur.createAlbum()","                        .then(function (json) {","                            aId = json.data.id;","                            deleteHash = json.data.deletehash;","                            console.log('Album -> https://imgur.com/a/%s', aId);","                            args.forEach(function(file, index, array) {","                                imgur.uploadFile(file, deleteHash)","                                    .then(function (json) {","                                        var output = util.format('%s -> %s', file, json.data.link);","                                        console.log(output);","                                    }, function (err) {","                                        console.error('%s (%s)', err.message, file);","                                    });","                            });","                        }, function (err) {","                            console.error('Unable to create album (%s)', err.message);","                        });","                } else {","                    args.forEach(function(file, index, array) {","                        imgur.uploadFile(file, albumId)","                            .then(function (json) {","                                var output;","                                if (args.length > 1) {","                                    output = util.format('%s -> %s', file, json.data.link);","                                } else {","                                    output = json.data.link;","                                }","                                console.log(output);","                            }, function (err) {","                                console.error('%s (%s)', err.message, file);","                            });","                    });","                }","            }","","            if (commander.info.length) {","                commander.info.forEach(function (id, index, array) {","                    imgur.getInfo(id)","                        .then(function (json) {","                            console.log(json.data);","                        }, function (err) { console.log(err.message); });","                });","            }","","","            if (commander.base64.length) {","                commander.base64.forEach(function(str, index, array) {","                    imgur.uploadBase64(str)","                        .then(function (json) {","                            var output;","                            if (commander.base64.length > 1) {","                                output = util.format('%s... -> %s', str.substr(0, 7), json.data.link);","                            } else {","                                output = json.data.link;","                            }","                            console.log(output);","                        }, function (err) {","                            var output = util.format('%s (%s...)', err.message, str.substr(0, 7));","                            console.error(output);","                        });","                });","            }","","","            if (commander.url.length) {","                commander.url.forEach(function(url, index, array) {","                    imgur.uploadUrl(url)","                        .then(function (json) {","                            var output;","                            if (commander.url.length > 1) {","                                output = util.format('%s -> %s', url, json.data.link);","                            } else {","                                output = json.data.link;","                            }","                            console.log(output);","                        }, function (err) {","                            console.error('%s (%s)', err.message, url);","                        });","                });","            }","        }","    });",""],"l":{"3":1,"4":1,"5":1,"6":1,"9":1,"10":0,"11":0,"14":1,"31":1,"34":1,"35":0,"38":1,"40":0,"42":1,"44":0,"46":0,"49":1,"51":0,"53":0,"56":1,"58":0,"60":0,"62":0,"67":1,"68":0,"69":0,"70":0,"71":0,"72":0,"74":0,"75":0,"76":0,"77":0,"78":0,"80":0,"81":0,"83":0,"87":0,"90":0,"91":0,"93":0,"94":0,"95":0,"97":0,"99":0,"101":0,"107":1,"108":0,"109":0,"111":0,"112":0,"117":1,"118":0,"119":0,"121":0,"122":0,"123":0,"125":0,"127":0,"129":0,"130":0,"136":1,"137":0,"138":0,"140":0,"141":0,"142":0,"144":0,"146":0,"148":0}}}